{"/Users/Ranjit/tech/gitRepo/react_version/dev/Bars.js": {"path":"/Users/Ranjit/tech/gitRepo/react_version/dev/Bars.js","statementMap":{"0":{"start":{"line":7,"column":16},"end":{"line":7,"column":18}},"1":{"start":{"line":8,"column":19},"end":{"line":8,"column":28}},"2":{"start":{"line":9,"column":25},"end":{"line":9,"column":34}},"3":{"start":{"line":11,"column":2},"end":{"line":14,"column":3}},"4":{"start":{"line":12,"column":18},"end":{"line":12,"column":48}},"5":{"start":{"line":13,"column":3},"end":{"line":13,"column":130}},"6":{"start":{"line":15,"column":2},"end":{"line":17,"column":4}}},"fnMap":{"0":{"name":"(anonymous_0)","decl":{"start":{"line":6,"column":1},"end":{"line":6,"column":2}},"loc":{"start":{"line":6,"column":9},"end":{"line":18,"column":2}}}},"branchMap":{},"s":{"0":1,"1":1,"2":1,"3":1,"4":2,"5":2,"6":1},"f":{"0":1},"b":{},"_coverageSchema":"332fd63041d2c1bcb487cc26dd0d5f7d97098a6c","hash":"be4a043683ebe423a39cc2da53e5f4dca3257913"}
,"/Users/Ranjit/tech/gitRepo/react_version/dev/Controls.js": {"path":"/Users/Ranjit/tech/gitRepo/react_version/dev/Controls.js","statementMap":{"0":{"start":{"line":6,"column":2},"end":{"line":6,"column":15}},"1":{"start":{"line":7,"column":2},"end":{"line":7,"column":53}},"2":{"start":{"line":8,"column":2},"end":{"line":8,"column":61}},"3":{"start":{"line":9,"column":2},"end":{"line":9,"column":17}},"4":{"start":{"line":12,"column":14},"end":{"line":12,"column":41}},"5":{"start":{"line":13,"column":2},"end":{"line":13,"column":61}},"6":{"start":{"line":17,"column":2},"end":{"line":17,"column":67}},"7":{"start":{"line":21,"column":24},"end":{"line":21,"column":26}},"8":{"start":{"line":22,"column":16},"end":{"line":22,"column":18}},"9":{"start":{"line":23,"column":2},"end":{"line":26,"column":3}},"10":{"start":{"line":24,"column":16},"end":{"line":24,"column":19}},"11":{"start":{"line":25,"column":3},"end":{"line":25,"column":121}},"12":{"start":{"line":27,"column":2},"end":{"line":30,"column":3}},"13":{"start":{"line":28,"column":15},"end":{"line":28,"column":38}},"14":{"start":{"line":29,"column":3},"end":{"line":29,"column":145}},"15":{"start":{"line":31,"column":2},"end":{"line":45,"column":4}}},"fnMap":{"0":{"name":"(anonymous_0)","decl":{"start":{"line":5,"column":1},"end":{"line":5,"column":2}},"loc":{"start":{"line":5,"column":19},"end":{"line":10,"column":2}}},"1":{"name":"(anonymous_1)","decl":{"start":{"line":11,"column":1},"end":{"line":11,"column":2}},"loc":{"start":{"line":11,"column":20},"end":{"line":14,"column":2}}},"2":{"name":"(anonymous_2)","decl":{"start":{"line":16,"column":1},"end":{"line":16,"column":2}},"loc":{"start":{"line":16,"column":23},"end":{"line":18,"column":2}}},"3":{"name":"(anonymous_3)","decl":{"start":{"line":20,"column":1},"end":{"line":20,"column":2}},"loc":{"start":{"line":20,"column":9},"end":{"line":46,"column":2}}}},"branchMap":{},"s":{"0":6,"1":6,"2":6,"3":6,"4":4,"5":4,"6":1,"7":6,"8":6,"9":6,"10":8,"11":8,"12":6,"13":8,"14":8,"15":6},"f":{"0":6,"1":4,"2":1,"3":6},"b":{},"_coverageSchema":"332fd63041d2c1bcb487cc26dd0d5f7d97098a6c","hash":"871504da88e1523656538b8fd3a6e29dfb7c5067"}
,"/Users/Ranjit/tech/gitRepo/react_version/dev/Progress.js": {"path":"/Users/Ranjit/tech/gitRepo/react_version/dev/Progress.js","statementMap":{"0":{"start":{"line":8,"column":2},"end":{"line":8,"column":15}},"1":{"start":{"line":12,"column":14},"end":{"line":12,"column":92}},"2":{"start":{"line":13,"column":2},"end":{"line":13,"column":23}},"3":{"start":{"line":18,"column":22},"end":{"line":18,"column":45}},"4":{"start":{"line":19,"column":22},"end":{"line":21,"column":3}},"5":{"start":{"line":22,"column":21},"end":{"line":27,"column":3}},"6":{"start":{"line":29,"column":18},"end":{"line":31,"column":3}},"7":{"start":{"line":33,"column":19},"end":{"line":35,"column":3}},"8":{"start":{"line":37,"column":24},"end":{"line":39,"column":3}},"9":{"start":{"line":41,"column":2},"end":{"line":48,"column":4}}},"fnMap":{"0":{"name":"(anonymous_0)","decl":{"start":{"line":7,"column":1},"end":{"line":7,"column":2}},"loc":{"start":{"line":7,"column":19},"end":{"line":9,"column":2}}},"1":{"name":"(anonymous_1)","decl":{"start":{"line":11,"column":1},"end":{"line":11,"column":2}},"loc":{"start":{"line":11,"column":19},"end":{"line":14,"column":2}}},"2":{"name":"(anonymous_2)","decl":{"start":{"line":16,"column":1},"end":{"line":16,"column":2}},"loc":{"start":{"line":16,"column":9},"end":{"line":49,"column":2}}}},"branchMap":{"0":{"loc":{"start":{"line":12,"column":14},"end":{"line":12,"column":92}},"type":"cond-expr","locations":[{"start":{"line":12,"column":43},"end":{"line":12,"column":70}},{"start":{"line":12,"column":71},"end":{"line":12,"column":92}}]}},"s":{"0":3,"1":3,"2":3,"3":3,"4":3,"5":3,"6":3,"7":3,"8":3,"9":3},"f":{"0":3,"1":3,"2":3},"b":{"0":[0,3]},"_coverageSchema":"332fd63041d2c1bcb487cc26dd0d5f7d97098a6c","hash":"2a846f05ca9c2db1b3897fe4effecb8ffee2b5f1"}
,"/Users/Ranjit/tech/gitRepo/react_version/dev/ProgressStore.js": {"path":"/Users/Ranjit/tech/gitRepo/react_version/dev/ProgressStore.js","statementMap":{"0":{"start":{"line":10,"column":17},"end":{"line":10,"column":33}},"1":{"start":{"line":11,"column":2},"end":{"line":17,"column":3}},"2":{"start":{"line":12,"column":3},"end":{"line":12,"column":30}},"3":{"start":{"line":13,"column":8},"end":{"line":17,"column":3}},"4":{"start":{"line":14,"column":3},"end":{"line":14,"column":30}},"5":{"start":{"line":16,"column":3},"end":{"line":16,"column":23}}},"fnMap":{"0":{"name":"(anonymous_0)","decl":{"start":{"line":9,"column":1},"end":{"line":9,"column":2}},"loc":{"start":{"line":9,"column":20},"end":{"line":18,"column":2}}}},"branchMap":{"0":{"loc":{"start":{"line":11,"column":2},"end":{"line":17,"column":3}},"type":"if","locations":[{"start":{"line":11,"column":2},"end":{"line":17,"column":3}},{"start":{"line":11,"column":2},"end":{"line":17,"column":3}}]},"1":{"loc":{"start":{"line":13,"column":8},"end":{"line":17,"column":3}},"type":"if","locations":[{"start":{"line":13,"column":8},"end":{"line":17,"column":3}},{"start":{"line":13,"column":8},"end":{"line":17,"column":3}}]}},"s":{"0":4,"1":4,"2":1,"3":3,"4":1,"5":2},"f":{"0":4},"b":{"0":[1,3],"1":[1,2]},"_coverageSchema":"332fd63041d2c1bcb487cc26dd0d5f7d97098a6c","hash":"98a9552cb72dccba12d42e95628d3771d9a36a38"}
,"/Users/Ranjit/tech/gitRepo/react_version/lib/jquery.js": {"path":"/Users/Ranjit/tech/gitRepo/react_version/lib/jquery.js","statementMap":{"0":{"start":{"line":2,"column":0},"end":{"line":4,"column":22603}},"1":{"start":{"line":2,"column":28},"end":{"line":2,"column":223}},"2":{"start":{"line":2,"column":131},"end":{"line":2,"column":206}},"3":{"start":{"line":2,"column":146},"end":{"line":2,"column":206}},"4":{"start":{"line":2,"column":206},"end":{"line":2,"column":217}},"5":{"start":{"line":2,"column":297},"end":{"line":2,"column":299}},"6":{"start":{"line":2,"column":302},"end":{"line":2,"column":312}},"7":{"start":{"line":2,"column":315},"end":{"line":2,"column":336}},"8":{"start":{"line":2,"column":339},"end":{"line":2,"column":346}},"9":{"start":{"line":2,"column":349},"end":{"line":2,"column":357}},"10":{"start":{"line":2,"column":360},"end":{"line":2,"column":366}},"11":{"start":{"line":2,"column":369},"end":{"line":2,"column":378}},"12":{"start":{"line":2,"column":381},"end":{"line":2,"column":383}},"13":{"start":{"line":2,"column":386},"end":{"line":2,"column":396}},"14":{"start":{"line":2,"column":399},"end":{"line":2,"column":415}},"15":{"start":{"line":2,"column":418},"end":{"line":2,"column":428}},"16":{"start":{"line":2,"column":431},"end":{"line":2,"column":445}},"17":{"start":{"line":2,"column":448},"end":{"line":2,"column":450}},"18":{"start":{"line":2,"column":467},"end":{"line":2,"column":474}},"19":{"start":{"line":2,"column":480},"end":{"line":2,"column":505}},"20":{"start":{"line":2,"column":506},"end":{"line":2,"column":562}},"21":{"start":{"line":2,"column":569},"end":{"line":2,"column":576}},"22":{"start":{"line":2,"column":579},"end":{"line":2,"column":619}},"23":{"start":{"line":2,"column":593},"end":{"line":2,"column":618}},"24":{"start":{"line":2,"column":622},"end":{"line":2,"column":658}},"25":{"start":{"line":2,"column":661},"end":{"line":2,"column":668}},"26":{"start":{"line":2,"column":671},"end":{"line":2,"column":682}},"27":{"start":{"line":2,"column":685},"end":{"line":2,"column":722}},"28":{"start":{"line":2,"column":699},"end":{"line":2,"column":721}},"29":{"start":{"line":2,"column":723},"end":{"line":2,"column":3968}},"30":{"start":{"line":2,"column":792},"end":{"line":2,"column":811}},"31":{"start":{"line":2,"column":829},"end":{"line":2,"column":888}},"32":{"start":{"line":2,"column":918},"end":{"line":2,"column":947}},"33":{"start":{"line":2,"column":948},"end":{"line":2,"column":974}},"34":{"start":{"line":2,"column":993},"end":{"line":2,"column":1014}},"35":{"start":{"line":2,"column":1032},"end":{"line":2,"column":1102}},"36":{"start":{"line":2,"column":1079},"end":{"line":2,"column":1099}},"37":{"start":{"line":2,"column":1121},"end":{"line":2,"column":1167}},"38":{"start":{"line":2,"column":1186},"end":{"line":2,"column":1203}},"39":{"start":{"line":2,"column":1221},"end":{"line":2,"column":1239}},"40":{"start":{"line":2,"column":1262},"end":{"line":2,"column":1273}},"41":{"start":{"line":2,"column":1276},"end":{"line":2,"column":1288}},"42":{"start":{"line":2,"column":1289},"end":{"line":2,"column":1334}},"43":{"start":{"line":2,"column":1351},"end":{"line":2,"column":1393}},"44":{"start":{"line":2,"column":1481},"end":{"line":2,"column":1497}},"45":{"start":{"line":2,"column":1500},"end":{"line":2,"column":1501}},"46":{"start":{"line":2,"column":1504},"end":{"line":2,"column":1520}},"47":{"start":{"line":2,"column":1523},"end":{"line":2,"column":1525}},"48":{"start":{"line":2,"column":1526},"end":{"line":2,"column":1862}},"49":{"start":{"line":2,"column":1652},"end":{"line":2,"column":1862}},"50":{"start":{"line":2,"column":1678},"end":{"line":2,"column":1862}},"51":{"start":{"line":2,"column":1689},"end":{"line":2,"column":1862}},"52":{"start":{"line":2,"column":1862},"end":{"line":2,"column":1870}},"53":{"start":{"line":2,"column":1964},"end":{"line":2,"column":1982}},"54":{"start":{"line":2,"column":2025},"end":{"line":2,"column":2053}},"55":{"start":{"line":2,"column":2098},"end":{"line":2,"column":2126}},"56":{"start":{"line":2,"column":2156},"end":{"line":2,"column":2165}},"57":{"start":{"line":2,"column":2166},"end":{"line":2,"column":2225}},"58":{"start":{"line":2,"column":2261},"end":{"line":2,"column":2396}},"59":{"start":{"line":2,"column":2430},"end":{"line":2,"column":2450}},"60":{"start":{"line":2,"column":2441},"end":{"line":2,"column":2450}},"61":{"start":{"line":2,"column":2450},"end":{"line":2,"column":2458}},"62":{"start":{"line":2,"column":2477},"end":{"line":2,"column":2569}},"63":{"start":{"line":2,"column":2594},"end":{"line":2,"column":2598}},"64":{"start":{"line":2,"column":2622},"end":{"line":2,"column":2660}},"65":{"start":{"line":2,"column":2685},"end":{"line":2,"column":2746}},"66":{"start":{"line":2,"column":2775},"end":{"line":2,"column":2776}},"67":{"start":{"line":2,"column":2777},"end":{"line":2,"column":2893}},"68":{"start":{"line":2,"column":2786},"end":{"line":2,"column":2842}},"69":{"start":{"line":2,"column":2809},"end":{"line":2,"column":2842}},"70":{"start":{"line":2,"column":2837},"end":{"line":2,"column":2842}},"71":{"start":{"line":2,"column":2848},"end":{"line":2,"column":2893}},"72":{"start":{"line":2,"column":2859},"end":{"line":2,"column":2893}},"73":{"start":{"line":2,"column":2887},"end":{"line":2,"column":2893}},"74":{"start":{"line":2,"column":2893},"end":{"line":2,"column":2901}},"75":{"start":{"line":2,"column":2920},"end":{"line":2,"column":2958}},"76":{"start":{"line":2,"column":2990},"end":{"line":2,"column":2995}},"77":{"start":{"line":2,"column":2996},"end":{"line":2,"column":3076}},"78":{"start":{"line":2,"column":3102},"end":{"line":2,"column":3133}},"79":{"start":{"line":2,"column":3155},"end":{"line":2,"column":3210}},"80":{"start":{"line":2,"column":3198},"end":{"line":2,"column":3210}},"81":{"start":{"line":2,"column":3210},"end":{"line":2,"column":3229}},"82":{"start":{"line":2,"column":3252},"end":{"line":2,"column":3328}},"83":{"start":{"line":2,"column":3295},"end":{"line":2,"column":3328}},"84":{"start":{"line":2,"column":3328},"end":{"line":2,"column":3336}},"85":{"start":{"line":2,"column":3368},"end":{"line":2,"column":3369}},"86":{"start":{"line":2,"column":3372},"end":{"line":2,"column":3374}},"87":{"start":{"line":2,"column":3375},"end":{"line":2,"column":3488}},"88":{"start":{"line":2,"column":3383},"end":{"line":2,"column":3439}},"89":{"start":{"line":2,"column":3406},"end":{"line":2,"column":3439}},"90":{"start":{"line":2,"column":3444},"end":{"line":2,"column":3488}},"91":{"start":{"line":2,"column":3455},"end":{"line":2,"column":3488}},"92":{"start":{"line":2,"column":3488},"end":{"line":2,"column":3508}},"93":{"start":{"line":2,"column":3547},"end":{"line":2,"column":3730}},"94":{"start":{"line":2,"column":3603},"end":{"line":2,"column":3730}},"95":{"start":{"line":2,"column":3645},"end":{"line":2,"column":3696}},"96":{"start":{"line":2,"column":3930},"end":{"line":2,"column":3965}},"97":{"start":{"line":2,"column":3988},"end":{"line":2,"column":4015}},"98":{"start":{"line":2,"column":4018},"end":{"line":2,"column":4027}},"99":{"start":{"line":2,"column":4028},"end":{"line":2,"column":4121}},"100":{"start":{"line":2,"column":4128},"end":{"line":2,"column":23710}},"101":{"start":{"line":2,"column":4184},"end":{"line":2,"column":4203}},"102":{"start":{"line":2,"column":4206},"end":{"line":2,"column":4216}},"103":{"start":{"line":2,"column":4219},"end":{"line":2,"column":4220}},"104":{"start":{"line":2,"column":4223},"end":{"line":2,"column":4224}},"105":{"start":{"line":2,"column":4227},"end":{"line":2,"column":4231}},"106":{"start":{"line":2,"column":4234},"end":{"line":2,"column":4238}},"107":{"start":{"line":2,"column":4241},"end":{"line":2,"column":4245}},"108":{"start":{"line":2,"column":4248},"end":{"line":2,"column":4285}},"109":{"start":{"line":2,"column":4262},"end":{"line":2,"column":4284}},"110":{"start":{"line":2,"column":4288},"end":{"line":2,"column":4305}},"111":{"start":{"line":2,"column":4308},"end":{"line":2,"column":4310}},"112":{"start":{"line":2,"column":4313},"end":{"line":2,"column":4318}},"113":{"start":{"line":2,"column":4321},"end":{"line":2,"column":4327}},"114":{"start":{"line":2,"column":4330},"end":{"line":2,"column":4336}},"115":{"start":{"line":2,"column":4339},"end":{"line":2,"column":4346}},"116":{"start":{"line":2,"column":4349},"end":{"line":2,"column":4424}},"117":{"start":{"line":2,"column":4363},"end":{"line":2,"column":4415}},"118":{"start":{"line":2,"column":4394},"end":{"line":2,"column":4415}},"119":{"start":{"line":2,"column":4406},"end":{"line":2,"column":4415}},"120":{"start":{"line":2,"column":4415},"end":{"line":2,"column":4423}},"121":{"start":{"line":2,"column":4427},"end":{"line":2,"column":4551}},"122":{"start":{"line":2,"column":4554},"end":{"line":2,"column":4575}},"123":{"start":{"line":2,"column":4578},"end":{"line":2,"column":4609}},"124":{"start":{"line":2,"column":4612},"end":{"line":2,"column":4730}},"125":{"start":{"line":2,"column":4733},"end":{"line":2,"column":4844}},"126":{"start":{"line":2,"column":4847},"end":{"line":2,"column":4868}},"127":{"start":{"line":2,"column":4871},"end":{"line":2,"column":4929}},"128":{"start":{"line":2,"column":4932},"end":{"line":2,"column":4960}},"129":{"start":{"line":2,"column":4963},"end":{"line":2,"column":5003}},"130":{"start":{"line":2,"column":5006},"end":{"line":2,"column":5053}},"131":{"start":{"line":2,"column":5056},"end":{"line":2,"column":5069}},"132":{"start":{"line":2,"column":5072},"end":{"line":2,"column":5093}},"133":{"start":{"line":2,"column":5096},"end":{"line":2,"column":5552}},"134":{"start":{"line":2,"column":5555},"end":{"line":2,"column":5592}},"135":{"start":{"line":2,"column":5595},"end":{"line":2,"column":5603}},"136":{"start":{"line":2,"column":5606},"end":{"line":2,"column":5630}},"137":{"start":{"line":2,"column":5633},"end":{"line":2,"column":5667}},"138":{"start":{"line":2,"column":5670},"end":{"line":2,"column":5676}},"139":{"start":{"line":2,"column":5679},"end":{"line":2,"column":5733}},"140":{"start":{"line":2,"column":5737},"end":{"line":2,"column":5869}},"141":{"start":{"line":2,"column":5759},"end":{"line":2,"column":5771}},"142":{"start":{"line":2,"column":5772},"end":{"line":2,"column":5868}},"143":{"start":{"line":2,"column":5873},"end":{"line":2,"column":5926}},"144":{"start":{"line":2,"column":5930},"end":{"line":2,"column":6039}},"145":{"start":{"line":2,"column":5944},"end":{"line":2,"column":6038}},"146":{"start":{"line":2,"column":6043},"end":{"line":2,"column":6058}},"147":{"start":{"line":2,"column":6054},"end":{"line":2,"column":6057}},"148":{"start":{"line":2,"column":6062},"end":{"line":2,"column":6161}},"149":{"start":{"line":2,"column":6077},"end":{"line":2,"column":6126}},"150":{"start":{"line":2,"column":6162},"end":{"line":2,"column":6376}},"151":{"start":{"line":2,"column":6166},"end":{"line":2,"column":6242}},"152":{"start":{"line":2,"column":6253},"end":{"line":2,"column":6375}},"153":{"start":{"line":2,"column":6285},"end":{"line":2,"column":6305}},"154":{"start":{"line":2,"column":6327},"end":{"line":2,"column":6335}},"155":{"start":{"line":2,"column":6338},"end":{"line":2,"column":6339}},"156":{"start":{"line":2,"column":6340},"end":{"line":2,"column":6361}},"157":{"start":{"line":2,"column":6361},"end":{"line":2,"column":6373}},"158":{"start":{"line":2,"column":6417},"end":{"line":2,"column":6435}},"159":{"start":{"line":2,"column":6438},"end":{"line":2,"column":6452}},"160":{"start":{"line":2,"column":6453},"end":{"line":2,"column":6518}},"161":{"start":{"line":2,"column":6509},"end":{"line":2,"column":6518}},"162":{"start":{"line":2,"column":6518},"end":{"line":2,"column":7300}},"163":{"start":{"line":2,"column":6572},"end":{"line":2,"column":6929}},"164":{"start":{"line":2,"column":6597},"end":{"line":2,"column":6929}},"165":{"start":{"line":2,"column":6608},"end":{"line":2,"column":6757}},"166":{"start":{"line":2,"column":6618},"end":{"line":2,"column":6655}},"167":{"start":{"line":2,"column":6646},"end":{"line":2,"column":6655}},"168":{"start":{"line":2,"column":6655},"end":{"line":2,"column":6685}},"169":{"start":{"line":2,"column":6667},"end":{"line":2,"column":6685}},"170":{"start":{"line":2,"column":6691},"end":{"line":2,"column":6757}},"171":{"start":{"line":2,"column":6739},"end":{"line":2,"column":6757}},"172":{"start":{"line":2,"column":6763},"end":{"line":2,"column":6817}},"173":{"start":{"line":2,"column":6771},"end":{"line":2,"column":6817}},"174":{"start":{"line":2,"column":6817},"end":{"line":2,"column":6928}},"175":{"start":{"line":2,"column":6881},"end":{"line":2,"column":6928}},"176":{"start":{"line":2,"column":6929},"end":{"line":2,"column":7299}},"177":{"start":{"line":2,"column":6968},"end":{"line":2,"column":7198}},"178":{"start":{"line":2,"column":6977},"end":{"line":2,"column":6985}},"179":{"start":{"line":2,"column":6990},"end":{"line":2,"column":7198}},"180":{"start":{"line":2,"column":7030},"end":{"line":2,"column":7117}},"181":{"start":{"line":2,"column":7117},"end":{"line":2,"column":7151}},"182":{"start":{"line":2,"column":7127},"end":{"line":2,"column":7151}},"183":{"start":{"line":2,"column":7151},"end":{"line":2,"column":7197}},"184":{"start":{"line":2,"column":7198},"end":{"line":2,"column":7298}},"185":{"start":{"line":2,"column":7203},"end":{"line":2,"column":7298}},"186":{"start":{"line":2,"column":7207},"end":{"line":2,"column":7248}},"187":{"start":{"line":2,"column":7267},"end":{"line":2,"column":7297}},"188":{"start":{"line":2,"column":7300},"end":{"line":2,"column":7333}},"189":{"start":{"line":2,"column":7354},"end":{"line":2,"column":7356}},"190":{"start":{"line":2,"column":7373},"end":{"line":2,"column":7439}},"191":{"start":{"line":2,"column":7440},"end":{"line":2,"column":7448}},"192":{"start":{"line":2,"column":7464},"end":{"line":2,"column":7480}},"193":{"start":{"line":2,"column":7502},"end":{"line":2,"column":7529}},"194":{"start":{"line":2,"column":7530},"end":{"line":2,"column":7622}},"195":{"start":{"line":2,"column":7534},"end":{"line":2,"column":7546}},"196":{"start":{"line":2,"column":7556},"end":{"line":2,"column":7564}},"197":{"start":{"line":2,"column":7573},"end":{"line":2,"column":7621}},"198":{"start":{"line":2,"column":7646},"end":{"line":2,"column":7658}},"199":{"start":{"line":2,"column":7661},"end":{"line":2,"column":7669}},"200":{"start":{"line":2,"column":7670},"end":{"line":2,"column":7700}},"201":{"start":{"line":2,"column":7680},"end":{"line":2,"column":7700}},"202":{"start":{"line":2,"column":7724},"end":{"line":2,"column":7728}},"203":{"start":{"line":2,"column":7731},"end":{"line":2,"column":7793}},"204":{"start":{"line":2,"column":7794},"end":{"line":2,"column":7808}},"205":{"start":{"line":2,"column":7799},"end":{"line":2,"column":7808}},"206":{"start":{"line":2,"column":7808},"end":{"line":2,"column":7853}},"207":{"start":{"line":2,"column":7813},"end":{"line":2,"column":7853}},"208":{"start":{"line":2,"column":7835},"end":{"line":2,"column":7853}},"209":{"start":{"line":2,"column":7844},"end":{"line":2,"column":7853}},"210":{"start":{"line":2,"column":7853},"end":{"line":2,"column":7866}},"211":{"start":{"line":2,"column":7882},"end":{"line":2,"column":7962}},"212":{"start":{"line":2,"column":7907},"end":{"line":2,"column":7931}},"213":{"start":{"line":2,"column":7932},"end":{"line":2,"column":7961}},"214":{"start":{"line":2,"column":7978},"end":{"line":2,"column":8074}},"215":{"start":{"line":2,"column":8003},"end":{"line":2,"column":8027}},"216":{"start":{"line":2,"column":8028},"end":{"line":2,"column":8073}},"217":{"start":{"line":2,"column":8090},"end":{"line":2,"column":8322}},"218":{"start":{"line":2,"column":8109},"end":{"line":2,"column":8321}},"219":{"start":{"line":2,"column":8338},"end":{"line":2,"column":8469}},"220":{"start":{"line":2,"column":8360},"end":{"line":2,"column":8467}},"221":{"start":{"line":2,"column":8397},"end":{"line":2,"column":8413}},"222":{"start":{"line":2,"column":8416},"end":{"line":2,"column":8424}},"223":{"start":{"line":2,"column":8425},"end":{"line":2,"column":8465}},"224":{"start":{"line":2,"column":8435},"end":{"line":2,"column":8465}},"225":{"start":{"line":2,"column":8485},"end":{"line":2,"column":8540}},"226":{"start":{"line":2,"column":8541},"end":{"line":2,"column":18824}},"227":{"start":{"line":2,"column":8586},"end":{"line":2,"column":8625}},"228":{"start":{"line":2,"column":8626},"end":{"line":2,"column":8656}},"229":{"start":{"line":2,"column":8697},"end":{"line":2,"column":8719}},"230":{"start":{"line":2,"column":8720},"end":{"line":2,"column":12713}},"231":{"start":{"line":2,"column":8966},"end":{"line":2,"column":9017}},"232":{"start":{"line":2,"column":9058},"end":{"line":2,"column":9135}},"233":{"start":{"line":2,"column":9221},"end":{"line":2,"column":9302}},"234":{"start":{"line":2,"column":9346},"end":{"line":2,"column":9361}},"235":{"start":{"line":2,"column":9362},"end":{"line":2,"column":9413}},"236":{"start":{"line":2,"column":9381},"end":{"line":2,"column":9412}},"237":{"start":{"line":2,"column":9439},"end":{"line":2,"column":9525}},"238":{"start":{"line":2,"column":9489},"end":{"line":2,"column":9508}},"239":{"start":{"line":2,"column":9509},"end":{"line":2,"column":9524}},"240":{"start":{"line":2,"column":9559},"end":{"line":2,"column":9574}},"241":{"start":{"line":2,"column":9575},"end":{"line":2,"column":9687}},"242":{"start":{"line":2,"column":9600},"end":{"line":2,"column":9664}},"243":{"start":{"line":2,"column":9665},"end":{"line":2,"column":9686}},"244":{"start":{"line":2,"column":9713},"end":{"line":2,"column":9958}},"245":{"start":{"line":2,"column":9769},"end":{"line":2,"column":9788}},"246":{"start":{"line":2,"column":9789},"end":{"line":2,"column":9949}},"247":{"start":{"line":2,"column":9795},"end":{"line":2,"column":9850}},"248":{"start":{"line":2,"column":9840},"end":{"line":2,"column":9850}},"249":{"start":{"line":2,"column":9850},"end":{"line":2,"column":9879}},"250":{"start":{"line":2,"column":9879},"end":{"line":2,"column":9948}},"251":{"start":{"line":2,"column":9894},"end":{"line":2,"column":9948}},"252":{"start":{"line":2,"column":9939},"end":{"line":2,"column":9948}},"253":{"start":{"line":2,"column":9949},"end":{"line":2,"column":9957}},"254":{"start":{"line":2,"column":10009},"end":{"line":2,"column":10118}},"255":{"start":{"line":2,"column":10142},"end":{"line":2,"column":10144}},"256":{"start":{"line":2,"column":10147},"end":{"line":2,"column":10148}},"257":{"start":{"line":2,"column":10151},"end":{"line":2,"column":10176}},"258":{"start":{"line":2,"column":10177},"end":{"line":2,"column":10239}},"259":{"start":{"line":2,"column":10189},"end":{"line":2,"column":10230}},"260":{"start":{"line":2,"column":10204},"end":{"line":2,"column":10230}},"261":{"start":{"line":2,"column":10230},"end":{"line":2,"column":10238}},"262":{"start":{"line":2,"column":10239},"end":{"line":2,"column":10247}},"263":{"start":{"line":2,"column":10302},"end":{"line":2,"column":10387}},"264":{"start":{"line":2,"column":10353},"end":{"line":2,"column":10387}},"265":{"start":{"line":2,"column":10451},"end":{"line":2,"column":10912}},"266":{"start":{"line":2,"column":10930},"end":{"line":2,"column":11026}},"267":{"start":{"line":2,"column":11032},"end":{"line":2,"column":11056}},"268":{"start":{"line":2,"column":11057},"end":{"line":2,"column":11420}},"269":{"start":{"line":2,"column":11568},"end":{"line":2,"column":11638}},"270":{"start":{"line":2,"column":11793},"end":{"line":2,"column":11827}},"271":{"start":{"line":2,"column":11830},"end":{"line":2,"column":11845}},"272":{"start":{"line":2,"column":11846},"end":{"line":2,"column":11969}},"273":{"start":{"line":2,"column":11985},"end":{"line":2,"column":12029}},"274":{"start":{"line":2,"column":11990},"end":{"line":2,"column":12029}},"275":{"start":{"line":2,"column":12011},"end":{"line":2,"column":12029}},"276":{"start":{"line":2,"column":12020},"end":{"line":2,"column":12029}},"277":{"start":{"line":2,"column":12029},"end":{"line":2,"column":12037}},"278":{"start":{"line":2,"column":12057},"end":{"line":2,"column":12080}},"279":{"start":{"line":2,"column":12066},"end":{"line":2,"column":12080}},"280":{"start":{"line":2,"column":12086},"end":{"line":2,"column":12139}},"281":{"start":{"line":2,"column":12140},"end":{"line":2,"column":12386}},"282":{"start":{"line":2,"column":12402},"end":{"line":2,"column":12425}},"283":{"start":{"line":2,"column":12411},"end":{"line":2,"column":12425}},"284":{"start":{"line":2,"column":12433},"end":{"line":2,"column":12434}},"285":{"start":{"line":2,"column":12437},"end":{"line":2,"column":12449}},"286":{"start":{"line":2,"column":12452},"end":{"line":2,"column":12464}},"287":{"start":{"line":2,"column":12467},"end":{"line":2,"column":12470}},"288":{"start":{"line":2,"column":12473},"end":{"line":2,"column":12476}},"289":{"start":{"line":2,"column":12477},"end":{"line":2,"column":12538}},"290":{"start":{"line":2,"column":12487},"end":{"line":2,"column":12538}},"291":{"start":{"line":2,"column":12538},"end":{"line":2,"column":12562}},"292":{"start":{"line":2,"column":12547},"end":{"line":2,"column":12562}},"293":{"start":{"line":2,"column":12562},"end":{"line":2,"column":12566}},"294":{"start":{"line":2,"column":12566},"end":{"line":2,"column":12600}},"295":{"start":{"line":2,"column":12587},"end":{"line":2,"column":12600}},"296":{"start":{"line":2,"column":12600},"end":{"line":2,"column":12604}},"297":{"start":{"line":2,"column":12604},"end":{"line":2,"column":12638}},"298":{"start":{"line":2,"column":12625},"end":{"line":2,"column":12638}},"299":{"start":{"line":2,"column":12638},"end":{"line":2,"column":12660}},"300":{"start":{"line":2,"column":12656},"end":{"line":2,"column":12660}},"301":{"start":{"line":2,"column":12660},"end":{"line":2,"column":12707}},"302":{"start":{"line":2,"column":12740},"end":{"line":2,"column":12764}},"303":{"start":{"line":2,"column":12799},"end":{"line":2,"column":13030}},"304":{"start":{"line":2,"column":12925},"end":{"line":2,"column":13030}},"305":{"start":{"line":2,"column":12935},"end":{"line":2,"column":12946}},"306":{"start":{"line":2,"column":12947},"end":{"line":2,"column":13019}},"307":{"start":{"line":2,"column":13011},"end":{"line":2,"column":13019}},"308":{"start":{"line":2,"column":13030},"end":{"line":2,"column":13062}},"309":{"start":{"line":2,"column":13090},"end":{"line":2,"column":13133}},"310":{"start":{"line":2,"column":13157},"end":{"line":2,"column":13188}},"311":{"start":{"line":2,"column":13194},"end":{"line":2,"column":13223}},"312":{"start":{"line":2,"column":13226},"end":{"line":2,"column":13282}},"313":{"start":{"line":2,"column":13283},"end":{"line":2,"column":13389}},"314":{"start":{"line":2,"column":13413},"end":{"line":2,"column":13440}},"315":{"start":{"line":2,"column":13463},"end":{"line":2,"column":13523}},"316":{"start":{"line":2,"column":13559},"end":{"line":2,"column":13561}},"317":{"start":{"line":2,"column":13564},"end":{"line":2,"column":13565}},"318":{"start":{"line":2,"column":13568},"end":{"line":2,"column":13569}},"319":{"start":{"line":2,"column":13570},"end":{"line":2,"column":13702}},"320":{"start":{"line":2,"column":13636},"end":{"line":2,"column":13675}},"321":{"start":{"line":2,"column":13651},"end":{"line":2,"column":13675}},"322":{"start":{"line":2,"column":13675},"end":{"line":2,"column":13701}},"323":{"start":{"line":2,"column":13685},"end":{"line":2,"column":13701}},"324":{"start":{"line":2,"column":13702},"end":{"line":2,"column":13717}},"325":{"start":{"line":2,"column":13752},"end":{"line":2,"column":13754}},"326":{"start":{"line":2,"column":13757},"end":{"line":2,"column":13758}},"327":{"start":{"line":2,"column":13761},"end":{"line":2,"column":13771}},"328":{"start":{"line":2,"column":13772},"end":{"line":2,"column":13971}},"329":{"start":{"line":2,"column":13778},"end":{"line":2,"column":13942}},"330":{"start":{"line":2,"column":13803},"end":{"line":2,"column":13858}},"331":{"start":{"line":2,"column":13837},"end":{"line":2,"column":13858}},"332":{"start":{"line":2,"column":13858},"end":{"line":2,"column":13902}},"333":{"start":{"line":2,"column":13895},"end":{"line":2,"column":13902}},"334":{"start":{"line":2,"column":13908},"end":{"line":2,"column":13942}},"335":{"start":{"line":2,"column":13924},"end":{"line":2,"column":13942}},"336":{"start":{"line":2,"column":13948},"end":{"line":2,"column":13971}},"337":{"start":{"line":2,"column":13963},"end":{"line":2,"column":13971}},"338":{"start":{"line":2,"column":13971},"end":{"line":2,"column":13979}},"339":{"start":{"line":2,"column":14217},"end":{"line":2,"column":14335}},"340":{"start":{"line":2,"column":14355},"end":{"line":2,"column":14547}},"341":{"start":{"line":2,"column":14576},"end":{"line":2,"column":14587}},"342":{"start":{"line":2,"column":14588},"end":{"line":2,"column":14766}},"343":{"start":{"line":2,"column":14799},"end":{"line":2,"column":14828}},"344":{"start":{"line":2,"column":14829},"end":{"line":2,"column":14924}},"345":{"start":{"line":2,"column":14854},"end":{"line":2,"column":14862}},"346":{"start":{"line":2,"column":14876},"end":{"line":2,"column":14923}},"347":{"start":{"line":2,"column":14950},"end":{"line":2,"column":14958}},"348":{"start":{"line":2,"column":14959},"end":{"line":2,"column":15151}},"349":{"start":{"line":2,"column":15028},"end":{"line":2,"column":15149}},"350":{"start":{"line":2,"column":15174},"end":{"line":2,"column":15468}},"351":{"start":{"line":2,"column":15199},"end":{"line":2,"column":15211}},"352":{"start":{"line":2,"column":15212},"end":{"line":2,"column":15467}},"353":{"start":{"line":2,"column":15502},"end":{"line":2,"column":15522}},"354":{"start":{"line":2,"column":15525},"end":{"line":2,"column":15545}},"355":{"start":{"line":2,"column":15548},"end":{"line":2,"column":15561}},"356":{"start":{"line":2,"column":15562},"end":{"line":2,"column":16459}},"357":{"start":{"line":2,"column":15594},"end":{"line":2,"column":15614}},"358":{"start":{"line":2,"column":15650},"end":{"line":2,"column":15687}},"359":{"start":{"line":2,"column":15690},"end":{"line":2,"column":15702}},"360":{"start":{"line":2,"column":15705},"end":{"line":2,"column":15732}},"361":{"start":{"line":2,"column":15735},"end":{"line":2,"column":15741}},"362":{"start":{"line":2,"column":15744},"end":{"line":2,"column":15746}},"363":{"start":{"line":2,"column":15747},"end":{"line":2,"column":16458}},"364":{"start":{"line":2,"column":15753},"end":{"line":2,"column":15886}},"365":{"start":{"line":2,"column":15759},"end":{"line":2,"column":15877}},"366":{"start":{"line":2,"column":15768},"end":{"line":2,"column":15772}},"367":{"start":{"line":2,"column":15772},"end":{"line":2,"column":15843}},"368":{"start":{"line":2,"column":15785},"end":{"line":2,"column":15843}},"369":{"start":{"line":2,"column":15834},"end":{"line":2,"column":15843}},"370":{"start":{"line":2,"column":15843},"end":{"line":2,"column":15876}},"371":{"start":{"line":2,"column":15877},"end":{"line":2,"column":15885}},"372":{"start":{"line":2,"column":15886},"end":{"line":2,"column":16423}},"373":{"start":{"line":2,"column":15926},"end":{"line":2,"column":16043}},"374":{"start":{"line":2,"column":16043},"end":{"line":2,"column":16132}},"375":{"start":{"line":2,"column":16082},"end":{"line":2,"column":16132}},"376":{"start":{"line":2,"column":16113},"end":{"line":2,"column":16126}},"377":{"start":{"line":2,"column":16126},"end":{"line":2,"column":16131}},"378":{"start":{"line":2,"column":16138},"end":{"line":2,"column":16423}},"379":{"start":{"line":2,"column":16243},"end":{"line":2,"column":16423}},"380":{"start":{"line":2,"column":16282},"end":{"line":2,"column":16423}},"381":{"start":{"line":2,"column":16417},"end":{"line":2,"column":16423}},"382":{"start":{"line":2,"column":16423},"end":{"line":2,"column":16457}},"383":{"start":{"line":2,"column":16490},"end":{"line":2,"column":16569}},"384":{"start":{"line":2,"column":16570},"end":{"line":2,"column":16773}},"385":{"start":{"line":2,"column":16682},"end":{"line":2,"column":16688}},"386":{"start":{"line":2,"column":16691},"end":{"line":2,"column":16699}},"387":{"start":{"line":2,"column":16700},"end":{"line":2,"column":16739}},"388":{"start":{"line":2,"column":16710},"end":{"line":2,"column":16739}},"389":{"start":{"line":2,"column":16754},"end":{"line":2,"column":16769}},"390":{"start":{"line":2,"column":16810},"end":{"line":2,"column":16812}},"391":{"start":{"line":2,"column":16815},"end":{"line":2,"column":16817}},"392":{"start":{"line":2,"column":16820},"end":{"line":2,"column":16840}},"393":{"start":{"line":2,"column":16841},"end":{"line":2,"column":17010}},"394":{"start":{"line":2,"column":16882},"end":{"line":2,"column":16896}},"395":{"start":{"line":2,"column":16899},"end":{"line":2,"column":16907}},"396":{"start":{"line":2,"column":16908},"end":{"line":2,"column":16944}},"397":{"start":{"line":2,"column":16918},"end":{"line":2,"column":16944}},"398":{"start":{"line":2,"column":16963},"end":{"line":2,"column":17009}},"399":{"start":{"line":2,"column":17032},"end":{"line":2,"column":17075}},"400":{"start":{"line":2,"column":17051},"end":{"line":2,"column":17074}},"401":{"start":{"line":2,"column":17102},"end":{"line":2,"column":17194}},"402":{"start":{"line":2,"column":17139},"end":{"line":2,"column":17193}},"403":{"start":{"line":2,"column":17217},"end":{"line":2,"column":17492}},"404":{"start":{"line":2,"column":17322},"end":{"line":2,"column":17483}},"405":{"start":{"line":2,"column":17325},"end":{"line":2,"column":17443}},"406":{"start":{"line":2,"column":17390},"end":{"line":2,"column":17443}},"407":{"start":{"line":2,"column":17483},"end":{"line":2,"column":17491}},"408":{"start":{"line":2,"column":17520},"end":{"line":2,"column":17547}},"409":{"start":{"line":2,"column":17548},"end":{"line":2,"column":17575}},"410":{"start":{"line":2,"column":17594},"end":{"line":2,"column":17606}},"411":{"start":{"line":2,"column":17626},"end":{"line":2,"column":17714}},"412":{"start":{"line":2,"column":17773},"end":{"line":2,"column":17797}},"413":{"start":{"line":2,"column":17798},"end":{"line":2,"column":17856}},"414":{"start":{"line":2,"column":17879},"end":{"line":2,"column":17942}},"415":{"start":{"line":2,"column":17962},"end":{"line":2,"column":18024}},"416":{"start":{"line":2,"column":17999},"end":{"line":2,"column":18024}},"417":{"start":{"line":2,"column":18015},"end":{"line":2,"column":18024}},"418":{"start":{"line":2,"column":18024},"end":{"line":2,"column":18032}},"419":{"start":{"line":2,"column":18053},"end":{"line":2,"column":18078}},"420":{"start":{"line":2,"column":18099},"end":{"line":2,"column":18124}},"421":{"start":{"line":2,"column":18144},"end":{"line":2,"column":18169}},"422":{"start":{"line":2,"column":18196},"end":{"line":2,"column":18220}},"423":{"start":{"line":2,"column":18221},"end":{"line":2,"column":18271}},"424":{"start":{"line":2,"column":18296},"end":{"line":2,"column":18415}},"425":{"start":{"line":2,"column":18437},"end":{"line":2,"column":18446}},"426":{"start":{"line":2,"column":18471},"end":{"line":2,"column":18482}},"427":{"start":{"line":2,"column":18507},"end":{"line":2,"column":18524}},"428":{"start":{"line":2,"column":18549},"end":{"line":2,"column":18580}},"429":{"start":{"line":2,"column":18570},"end":{"line":2,"column":18580}},"430":{"start":{"line":2,"column":18580},"end":{"line":2,"column":18588}},"431":{"start":{"line":2,"column":18612},"end":{"line":2,"column":18643}},"432":{"start":{"line":2,"column":18633},"end":{"line":2,"column":18643}},"433":{"start":{"line":2,"column":18643},"end":{"line":2,"column":18651}},"434":{"start":{"line":2,"column":18676},"end":{"line":2,"column":18714}},"435":{"start":{"line":2,"column":18704},"end":{"line":2,"column":18714}},"436":{"start":{"line":2,"column":18714},"end":{"line":2,"column":18722}},"437":{"start":{"line":2,"column":18747},"end":{"line":2,"column":18784}},"438":{"start":{"line":2,"column":18774},"end":{"line":2,"column":18784}},"439":{"start":{"line":2,"column":18784},"end":{"line":2,"column":18792}},"440":{"start":{"line":2,"column":18824},"end":{"line":2,"column":18903}},"441":{"start":{"line":2,"column":18884},"end":{"line":2,"column":18903}},"442":{"start":{"line":2,"column":18903},"end":{"line":2,"column":18951}},"443":{"start":{"line":2,"column":18932},"end":{"line":2,"column":18951}},"444":{"start":{"line":2,"column":18966},"end":{"line":2,"column":19484}},"445":{"start":{"line":2,"column":19067},"end":{"line":2,"column":19075}},"446":{"start":{"line":2,"column":19076},"end":{"line":2,"column":19103}},"447":{"start":{"line":2,"column":19081},"end":{"line":2,"column":19103}},"448":{"start":{"line":2,"column":19103},"end":{"line":2,"column":19126}},"449":{"start":{"line":2,"column":19126},"end":{"line":2,"column":19435}},"450":{"start":{"line":2,"column":19135},"end":{"line":2,"column":19297}},"451":{"start":{"line":2,"column":19297},"end":{"line":2,"column":19423}},"452":{"start":{"line":2,"column":19315},"end":{"line":2,"column":19423}},"453":{"start":{"line":2,"column":19423},"end":{"line":2,"column":19434}},"454":{"start":{"line":2,"column":19429},"end":{"line":2,"column":19434}},"455":{"start":{"line":2,"column":19435},"end":{"line":2,"column":19482}},"456":{"start":{"line":2,"column":19499},"end":{"line":2,"column":19549}},"457":{"start":{"line":2,"column":19535},"end":{"line":2,"column":19549}},"458":{"start":{"line":2,"column":19549},"end":{"line":2,"column":19557}},"459":{"start":{"line":2,"column":19583},"end":{"line":2,"column":19588}},"460":{"start":{"line":2,"column":19591},"end":{"line":2,"column":19597}},"461":{"start":{"line":2,"column":19600},"end":{"line":2,"column":19604}},"462":{"start":{"line":2,"column":19607},"end":{"line":2,"column":19626}},"463":{"start":{"line":2,"column":19629},"end":{"line":2,"column":19632}},"464":{"start":{"line":2,"column":19633},"end":{"line":2,"column":20053}},"465":{"start":{"line":2,"column":19664},"end":{"line":2,"column":19714}},"466":{"start":{"line":2,"column":19677},"end":{"line":2,"column":19714}},"467":{"start":{"line":2,"column":19698},"end":{"line":2,"column":19714}},"468":{"start":{"line":2,"column":19714},"end":{"line":2,"column":19722}},"469":{"start":{"line":2,"column":19752},"end":{"line":2,"column":19757}},"470":{"start":{"line":2,"column":19758},"end":{"line":2,"column":20044}},"471":{"start":{"line":2,"column":19764},"end":{"line":2,"column":19818}},"472":{"start":{"line":2,"column":19777},"end":{"line":2,"column":19818}},"473":{"start":{"line":2,"column":19810},"end":{"line":2,"column":19818}},"474":{"start":{"line":2,"column":19824},"end":{"line":2,"column":20044}},"475":{"start":{"line":2,"column":19837},"end":{"line":2,"column":20044}},"476":{"start":{"line":2,"column":19858},"end":{"line":2,"column":20044}},"477":{"start":{"line":2,"column":19947},"end":{"line":2,"column":19957}},"478":{"start":{"line":2,"column":19962},"end":{"line":2,"column":20011}},"479":{"start":{"line":2,"column":19994},"end":{"line":2,"column":20011}},"480":{"start":{"line":2,"column":20011},"end":{"line":2,"column":20043}},"481":{"start":{"line":2,"column":20035},"end":{"line":2,"column":20043}},"482":{"start":{"line":2,"column":20044},"end":{"line":2,"column":20052}},"483":{"start":{"line":2,"column":20069},"end":{"line":2,"column":20167}},"484":{"start":{"line":2,"column":20109},"end":{"line":2,"column":20117}},"485":{"start":{"line":2,"column":20118},"end":{"line":2,"column":20153}},"486":{"start":{"line":2,"column":20128},"end":{"line":2,"column":20153}},"487":{"start":{"line":2,"column":20144},"end":{"line":2,"column":20153}},"488":{"start":{"line":2,"column":20153},"end":{"line":2,"column":20161}},"489":{"start":{"line":2,"column":20187},"end":{"line":2,"column":20231}},"490":{"start":{"line":2,"column":20218},"end":{"line":2,"column":20231}},"491":{"start":{"line":2,"column":20231},"end":{"line":2,"column":20239}},"492":{"start":{"line":2,"column":20263},"end":{"line":2,"column":20362}},"493":{"start":{"line":2,"column":20311},"end":{"line":2,"column":20362}},"494":{"start":{"line":2,"column":20362},"end":{"line":2,"column":20370}},"495":{"start":{"line":2,"column":20396},"end":{"line":2,"column":20912}},"496":{"start":{"line":2,"column":20478},"end":{"line":2,"column":20480}},"497":{"start":{"line":2,"column":20483},"end":{"line":2,"column":20485}},"498":{"start":{"line":2,"column":20488},"end":{"line":2,"column":20496}},"499":{"start":{"line":2,"column":20499},"end":{"line":2,"column":20532}},"500":{"start":{"line":2,"column":20535},"end":{"line":2,"column":20560}},"501":{"start":{"line":2,"column":20563},"end":{"line":2,"column":20585}},"502":{"start":{"line":2,"column":20586},"end":{"line":2,"column":20682}},"503":{"start":{"line":2,"column":20606},"end":{"line":2,"column":20639}},"504":{"start":{"line":2,"column":20639},"end":{"line":2,"column":20681}},"505":{"start":{"line":2,"column":20649},"end":{"line":2,"column":20681}},"506":{"start":{"line":2,"column":20682},"end":{"line":2,"column":20910}},"507":{"start":{"line":2,"column":20688},"end":{"line":2,"column":20841}},"508":{"start":{"line":2,"column":20697},"end":{"line":2,"column":20771}},"509":{"start":{"line":2,"column":20703},"end":{"line":2,"column":20719}},"510":{"start":{"line":2,"column":20719},"end":{"line":2,"column":20754}},"511":{"start":{"line":2,"column":20729},"end":{"line":2,"column":20754}},"512":{"start":{"line":2,"column":20754},"end":{"line":2,"column":20770}},"513":{"start":{"line":2,"column":20771},"end":{"line":2,"column":20782}},"514":{"start":{"line":2,"column":20782},"end":{"line":2,"column":20840}},"515":{"start":{"line":2,"column":20792},"end":{"line":2,"column":20840}},"516":{"start":{"line":2,"column":20847},"end":{"line":2,"column":20910}},"517":{"start":{"line":2,"column":20928},"end":{"line":2,"column":21509}},"518":{"start":{"line":2,"column":21186},"end":{"line":2,"column":21509}},"519":{"start":{"line":2,"column":21213},"end":{"line":2,"column":21229}},"520":{"start":{"line":2,"column":21234},"end":{"line":2,"column":21499}},"521":{"start":{"line":2,"column":21290},"end":{"line":2,"column":21339}},"522":{"start":{"line":2,"column":21308},"end":{"line":2,"column":21339}},"523":{"start":{"line":2,"column":21333},"end":{"line":2,"column":21339}},"524":{"start":{"line":2,"column":21339},"end":{"line":2,"column":21498}},"525":{"start":{"line":2,"column":21499},"end":{"line":2,"column":21508}},"526":{"start":{"line":2,"column":21509},"end":{"line":2,"column":21521}},"527":{"start":{"line":2,"column":21545},"end":{"line":2,"column":21555}},"528":{"start":{"line":2,"column":21558},"end":{"line":2,"column":21568}},"529":{"start":{"line":2,"column":21571},"end":{"line":2,"column":22079}},"530":{"start":{"line":2,"column":21603},"end":{"line":2,"column":21604}},"531":{"start":{"line":2,"column":21607},"end":{"line":2,"column":21610}},"532":{"start":{"line":2,"column":21613},"end":{"line":2,"column":21618}},"533":{"start":{"line":2,"column":21621},"end":{"line":2,"column":21623}},"534":{"start":{"line":2,"column":21626},"end":{"line":2,"column":21627}},"535":{"start":{"line":2,"column":21630},"end":{"line":2,"column":21653}},"536":{"start":{"line":2,"column":21656},"end":{"line":2,"column":21686}},"537":{"start":{"line":2,"column":21689},"end":{"line":2,"column":21697}},"538":{"start":{"line":2,"column":21698},"end":{"line":2,"column":21886}},"539":{"start":{"line":2,"column":21748},"end":{"line":2,"column":21853}},"540":{"start":{"line":2,"column":21757},"end":{"line":2,"column":21797}},"541":{"start":{"line":2,"column":21797},"end":{"line":2,"column":21844}},"542":{"start":{"line":2,"column":21812},"end":{"line":2,"column":21844}},"543":{"start":{"line":2,"column":21828},"end":{"line":2,"column":21838}},"544":{"start":{"line":2,"column":21838},"end":{"line":2,"column":21843}},"545":{"start":{"line":2,"column":21844},"end":{"line":2,"column":21852}},"546":{"start":{"line":2,"column":21853},"end":{"line":2,"column":21885}},"547":{"start":{"line":2,"column":21886},"end":{"line":2,"column":22057}},"548":{"start":{"line":2,"column":21904},"end":{"line":2,"column":21908}},"549":{"start":{"line":2,"column":21908},"end":{"line":2,"column":21934}},"550":{"start":{"line":2,"column":21923},"end":{"line":2,"column":21934}},"551":{"start":{"line":2,"column":21934},"end":{"line":2,"column":21994}},"552":{"start":{"line":2,"column":21940},"end":{"line":2,"column":21986}},"553":{"start":{"line":2,"column":21947},"end":{"line":2,"column":21986}},"554":{"start":{"line":2,"column":21957},"end":{"line":2,"column":21986}},"555":{"start":{"line":2,"column":21986},"end":{"line":2,"column":21993}},"556":{"start":{"line":2,"column":21994},"end":{"line":2,"column":22056}},"557":{"start":{"line":2,"column":22057},"end":{"line":2,"column":22078}},"558":{"start":{"line":2,"column":22080},"end":{"line":2,"column":22096}},"559":{"start":{"line":2,"column":22097},"end":{"line":2,"column":23706}},"560":{"start":{"line":2,"column":22139},"end":{"line":2,"column":22141}},"561":{"start":{"line":2,"column":22144},"end":{"line":2,"column":22146}},"562":{"start":{"line":2,"column":22149},"end":{"line":2,"column":22157}},"563":{"start":{"line":2,"column":22158},"end":{"line":2,"column":22262}},"564":{"start":{"line":2,"column":22165},"end":{"line":2,"column":22188}},"565":{"start":{"line":2,"column":22188},"end":{"line":2,"column":22234}},"566":{"start":{"line":2,"column":22198},"end":{"line":2,"column":22234}},"567":{"start":{"line":2,"column":22234},"end":{"line":2,"column":22261}},"568":{"start":{"line":2,"column":22262},"end":{"line":2,"column":22270}},"569":{"start":{"line":2,"column":22318},"end":{"line":2,"column":22341}},"570":{"start":{"line":2,"column":22344},"end":{"line":2,"column":22366}},"571":{"start":{"line":2,"column":22367},"end":{"line":2,"column":22856}},"572":{"start":{"line":2,"column":22392},"end":{"line":2,"column":22612}},"573":{"start":{"line":2,"column":22492},"end":{"line":2,"column":22558}},"574":{"start":{"line":2,"column":22549},"end":{"line":2,"column":22558}},"575":{"start":{"line":2,"column":22558},"end":{"line":2,"column":22611}},"576":{"start":{"line":2,"column":22612},"end":{"line":2,"column":22648}},"577":{"start":{"line":2,"column":22648},"end":{"line":2,"column":22855}},"578":{"start":{"line":2,"column":22659},"end":{"line":2,"column":22696}},"579":{"start":{"line":2,"column":22690},"end":{"line":2,"column":22696}},"580":{"start":{"line":2,"column":22696},"end":{"line":2,"column":22854}},"581":{"start":{"line":2,"column":22788},"end":{"line":2,"column":22848}},"582":{"start":{"line":2,"column":22826},"end":{"line":2,"column":22848}},"583":{"start":{"line":2,"column":22848},"end":{"line":2,"column":22853}},"584":{"start":{"line":2,"column":22856},"end":{"line":2,"column":22920}},"585":{"start":{"line":2,"column":23025},"end":{"line":2,"column":23088}},"586":{"start":{"line":2,"column":23106},"end":{"line":2,"column":23183}},"587":{"start":{"line":2,"column":23231},"end":{"line":2,"column":23290}},"588":{"start":{"line":2,"column":23237},"end":{"line":2,"column":23290}},"589":{"start":{"line":2,"column":23322},"end":{"line":2,"column":23429}},"590":{"start":{"line":2,"column":23460},"end":{"line":2,"column":23523}},"591":{"start":{"line":2,"column":23502},"end":{"line":2,"column":23523}},"592":{"start":{"line":2,"column":23541},"end":{"line":2,"column":23580}},"593":{"start":{"line":2,"column":23611},"end":{"line":2,"column":23701}},"594":{"start":{"line":2,"column":23617},"end":{"line":2,"column":23701}},"595":{"start":{"line":2,"column":23711},"end":{"line":2,"column":23885}},"596":{"start":{"line":2,"column":23891},"end":{"line":2,"column":24021}},"597":{"start":{"line":2,"column":23913},"end":{"line":2,"column":23915}},"598":{"start":{"line":2,"column":23918},"end":{"line":2,"column":23928}},"599":{"start":{"line":2,"column":23929},"end":{"line":2,"column":24012}},"600":{"start":{"line":2,"column":23960},"end":{"line":2,"column":24012}},"601":{"start":{"line":2,"column":23979},"end":{"line":2,"column":24002}},"602":{"start":{"line":2,"column":23996},"end":{"line":2,"column":24002}},"603":{"start":{"line":2,"column":24002},"end":{"line":2,"column":24011}},"604":{"start":{"line":2,"column":24012},"end":{"line":2,"column":24020}},"605":{"start":{"line":2,"column":24024},"end":{"line":2,"column":24111}},"606":{"start":{"line":2,"column":24038},"end":{"line":2,"column":24102}},"607":{"start":{"line":2,"column":24069},"end":{"line":2,"column":24102}},"608":{"start":{"line":2,"column":24102},"end":{"line":2,"column":24110}},"609":{"start":{"line":2,"column":24114},"end":{"line":2,"column":24139}},"610":{"start":{"line":2,"column":24142},"end":{"line":2,"column":24207}},"611":{"start":{"line":2,"column":24210},"end":{"line":2,"column":24226}},"612":{"start":{"line":2,"column":24245},"end":{"line":2,"column":24546}},"613":{"start":{"line":2,"column":24291},"end":{"line":2,"column":24316}},"614":{"start":{"line":2,"column":24351},"end":{"line":2,"column":24367}},"615":{"start":{"line":2,"column":24410},"end":{"line":2,"column":24435}},"616":{"start":{"line":2,"column":24502},"end":{"line":2,"column":24543}},"617":{"start":{"line":2,"column":24547},"end":{"line":2,"column":25204}},"618":{"start":{"line":2,"column":24578},"end":{"line":2,"column":24582}},"619":{"start":{"line":2,"column":24583},"end":{"line":2,"column":24737}},"620":{"start":{"line":2,"column":24713},"end":{"line":2,"column":24734}},"621":{"start":{"line":2,"column":24779},"end":{"line":2,"column":24790}},"622":{"start":{"line":2,"column":24793},"end":{"line":2,"column":24797}},"623":{"start":{"line":2,"column":24798},"end":{"line":2,"column":24918}},"624":{"start":{"line":2,"column":24820},"end":{"line":2,"column":24918}},"625":{"start":{"line":2,"column":24865},"end":{"line":2,"column":24914}},"626":{"start":{"line":2,"column":24881},"end":{"line":2,"column":24914}},"627":{"start":{"line":2,"column":24906},"end":{"line":2,"column":24914}},"628":{"start":{"line":2,"column":24918},"end":{"line":2,"column":24972}},"629":{"start":{"line":2,"column":24955},"end":{"line":2,"column":24972}},"630":{"start":{"line":2,"column":24972},"end":{"line":2,"column":25000}},"631":{"start":{"line":2,"column":25021},"end":{"line":2,"column":25060}},"632":{"start":{"line":2,"column":25078},"end":{"line":2,"column":25117}},"633":{"start":{"line":2,"column":25134},"end":{"line":2,"column":25200}},"634":{"start":{"line":2,"column":25212},"end":{"line":2,"column":25249}},"635":{"start":{"line":2,"column":25252},"end":{"line":2,"column":25883}},"636":{"start":{"line":2,"column":25286},"end":{"line":2,"column":25304}},"637":{"start":{"line":2,"column":25292},"end":{"line":2,"column":25304}},"638":{"start":{"line":2,"column":25304},"end":{"line":2,"column":25765}},"639":{"start":{"line":2,"column":25334},"end":{"line":2,"column":25483}},"640":{"start":{"line":2,"column":25421},"end":{"line":2,"column":25483}},"641":{"start":{"line":2,"column":25483},"end":{"line":2,"column":25699}},"642":{"start":{"line":2,"column":25492},"end":{"line":2,"column":25687}},"643":{"start":{"line":2,"column":25622},"end":{"line":2,"column":25687}},"644":{"start":{"line":2,"column":25633},"end":{"line":2,"column":25687}},"645":{"start":{"line":2,"column":25687},"end":{"line":2,"column":25698}},"646":{"start":{"line":2,"column":25699},"end":{"line":2,"column":25764}},"647":{"start":{"line":2,"column":25765},"end":{"line":2,"column":25882}},"648":{"start":{"line":2,"column":25884},"end":{"line":2,"column":25908}},"649":{"start":{"line":2,"column":25914},"end":{"line":2,"column":25946}},"650":{"start":{"line":2,"column":25949},"end":{"line":2,"column":25990}},"651":{"start":{"line":2,"column":25991},"end":{"line":2,"column":26758}},"652":{"start":{"line":2,"column":26026},"end":{"line":2,"column":26035}},"653":{"start":{"line":2,"column":26038},"end":{"line":2,"column":26046}},"654":{"start":{"line":2,"column":26047},"end":{"line":2,"column":26132}},"655":{"start":{"line":2,"column":26077},"end":{"line":2,"column":26130}},"656":{"start":{"line":2,"column":26097},"end":{"line":2,"column":26130}},"657":{"start":{"line":2,"column":26122},"end":{"line":2,"column":26130}},"658":{"start":{"line":2,"column":26164},"end":{"line":2,"column":26165}},"659":{"start":{"line":2,"column":26168},"end":{"line":2,"column":26179}},"660":{"start":{"line":2,"column":26182},"end":{"line":2,"column":26184}},"661":{"start":{"line":2,"column":26187},"end":{"line":2,"column":26211}},"662":{"start":{"line":2,"column":26212},"end":{"line":2,"column":26374}},"663":{"start":{"line":2,"column":26226},"end":{"line":2,"column":26374}},"664":{"start":{"line":2,"column":26239},"end":{"line":2,"column":26374}},"665":{"start":{"line":2,"column":26277},"end":{"line":2,"column":26374}},"666":{"start":{"line":2,"column":26358},"end":{"line":2,"column":26368}},"667":{"start":{"line":2,"column":26368},"end":{"line":2,"column":26373}},"668":{"start":{"line":2,"column":26374},"end":{"line":2,"column":26425}},"669":{"start":{"line":2,"column":26445},"end":{"line":2,"column":26583}},"670":{"start":{"line":2,"column":26603},"end":{"line":2,"column":26666}},"671":{"start":{"line":2,"column":26688},"end":{"line":2,"column":26754}},"672":{"start":{"line":2,"column":26774},"end":{"line":2,"column":26806}},"673":{"start":{"line":2,"column":26806},"end":{"line":2,"column":26814}},"674":{"start":{"line":2,"column":26815},"end":{"line":2,"column":27702}},"675":{"start":{"line":2,"column":26848},"end":{"line":2,"column":26860}},"676":{"start":{"line":2,"column":26861},"end":{"line":2,"column":26893}},"677":{"start":{"line":2,"column":26915},"end":{"line":2,"column":26939}},"678":{"start":{"line":2,"column":26970},"end":{"line":2,"column":26996}},"679":{"start":{"line":2,"column":27015},"end":{"line":2,"column":27040}},"680":{"start":{"line":2,"column":27059},"end":{"line":2,"column":27088}},"681":{"start":{"line":2,"column":27110},"end":{"line":2,"column":27135}},"682":{"start":{"line":2,"column":27157},"end":{"line":2,"column":27186}},"683":{"start":{"line":2,"column":27214},"end":{"line":2,"column":27241}},"684":{"start":{"line":2,"column":27269},"end":{"line":2,"column":27300}},"685":{"start":{"line":2,"column":27323},"end":{"line":2,"column":27364}},"686":{"start":{"line":2,"column":27387},"end":{"line":2,"column":27409}},"687":{"start":{"line":2,"column":27432},"end":{"line":2,"column":27482}},"688":{"start":{"line":2,"column":27499},"end":{"line":2,"column":27699}},"689":{"start":{"line":2,"column":27527},"end":{"line":2,"column":27542}},"690":{"start":{"line":2,"column":27543},"end":{"line":2,"column":27698}},"691":{"start":{"line":2,"column":27708},"end":{"line":2,"column":27727}},"692":{"start":{"line":2,"column":27748},"end":{"line":2,"column":27750}},"693":{"start":{"line":2,"column":27751},"end":{"line":2,"column":27805}},"694":{"start":{"line":2,"column":27794},"end":{"line":2,"column":27801}},"695":{"start":{"line":2,"column":27806},"end":{"line":2,"column":28854}},"696":{"start":{"line":2,"column":27830},"end":{"line":2,"column":27871}},"697":{"start":{"line":2,"column":27885},"end":{"line":2,"column":27887}},"698":{"start":{"line":2,"column":27890},"end":{"line":2,"column":27892}},"699":{"start":{"line":2,"column":27895},"end":{"line":2,"column":27897}},"700":{"start":{"line":2,"column":27900},"end":{"line":2,"column":28075}},"701":{"start":{"line":2,"column":27911},"end":{"line":2,"column":28038}},"702":{"start":{"line":2,"column":27946},"end":{"line":2,"column":27958}},"703":{"start":{"line":2,"column":27958},"end":{"line":2,"column":28037}},"704":{"start":{"line":2,"column":27977},"end":{"line":2,"column":28037}},"705":{"start":{"line":2,"column":28038},"end":{"line":2,"column":28074}},"706":{"start":{"line":2,"column":28078},"end":{"line":2,"column":28843}},"707":{"start":{"line":2,"column":28094},"end":{"line":2,"column":28290}},"708":{"start":{"line":2,"column":28151},"end":{"line":2,"column":28261}},"709":{"start":{"line":2,"column":28174},"end":{"line":2,"column":28259}},"710":{"start":{"line":2,"column":28310},"end":{"line":2,"column":28414}},"711":{"start":{"line":2,"column":28354},"end":{"line":2,"column":28407}},"712":{"start":{"line":2,"column":28384},"end":{"line":2,"column":28407}},"713":{"start":{"line":2,"column":28432},"end":{"line":2,"column":28469}},"714":{"start":{"line":2,"column":28488},"end":{"line":2,"column":28509}},"715":{"start":{"line":2,"column":28530},"end":{"line":2,"column":28555}},"716":{"start":{"line":2,"column":28577},"end":{"line":2,"column":28585}},"717":{"start":{"line":2,"column":28603},"end":{"line":2,"column":28636}},"718":{"start":{"line":2,"column":28656},"end":{"line":2,"column":28665}},"719":{"start":{"line":2,"column":28690},"end":{"line":2,"column":28757}},"720":{"start":{"line":2,"column":28775},"end":{"line":2,"column":28813}},"721":{"start":{"line":2,"column":28832},"end":{"line":2,"column":28841}},"722":{"start":{"line":2,"column":28844},"end":{"line":2,"column":28852}},"723":{"start":{"line":2,"column":28868},"end":{"line":2,"column":28876}},"724":{"start":{"line":2,"column":28891},"end":{"line":2,"column":28898}},"725":{"start":{"line":2,"column":28923},"end":{"line":2,"column":29065}},"726":{"start":{"line":2,"column":28927},"end":{"line":2,"column":29038}},"727":{"start":{"line":2,"column":29048},"end":{"line":2,"column":29064}},"728":{"start":{"line":2,"column":29066},"end":{"line":2,"column":31366}},"729":{"start":{"line":2,"column":29103},"end":{"line":2,"column":29343}},"730":{"start":{"line":2,"column":29346},"end":{"line":2,"column":29355}},"731":{"start":{"line":2,"column":29358},"end":{"line":2,"column":30714}},"732":{"start":{"line":2,"column":29376},"end":{"line":2,"column":29384}},"733":{"start":{"line":2,"column":29404},"end":{"line":2,"column":29449}},"734":{"start":{"line":2,"column":29471},"end":{"line":2,"column":29492}},"735":{"start":{"line":2,"column":29516},"end":{"line":2,"column":29525}},"736":{"start":{"line":2,"column":29526},"end":{"line":2,"column":29816}},"737":{"start":{"line":2,"column":29556},"end":{"line":2,"column":29804}},"738":{"start":{"line":2,"column":29585},"end":{"line":2,"column":29615}},"739":{"start":{"line":2,"column":29616},"end":{"line":2,"column":29795}},"740":{"start":{"line":2,"column":29641},"end":{"line":2,"column":29667}},"741":{"start":{"line":2,"column":29668},"end":{"line":2,"column":29793}},"742":{"start":{"line":2,"column":29845},"end":{"line":2,"column":29846}},"743":{"start":{"line":2,"column":29867},"end":{"line":2,"column":30485}},"744":{"start":{"line":2,"column":29891},"end":{"line":2,"column":29895}},"745":{"start":{"line":2,"column":29898},"end":{"line":2,"column":29907}},"746":{"start":{"line":2,"column":29910},"end":{"line":2,"column":30239}},"747":{"start":{"line":2,"column":29929},"end":{"line":2,"column":30238}},"748":{"start":{"line":2,"column":29940},"end":{"line":2,"column":30022}},"749":{"start":{"line":2,"column":29974},"end":{"line":2,"column":30022}},"750":{"start":{"line":2,"column":30022},"end":{"line":2,"column":30237}},"751":{"start":{"line":2,"column":30242},"end":{"line":2,"column":30394}},"752":{"start":{"line":2,"column":30257},"end":{"line":2,"column":30393}},"753":{"start":{"line":2,"column":30261},"end":{"line":2,"column":30264}},"754":{"start":{"line":2,"column":30274},"end":{"line":2,"column":30392}},"755":{"start":{"line":2,"column":30395},"end":{"line":2,"column":30484}},"756":{"start":{"line":2,"column":30486},"end":{"line":2,"column":30660}},"757":{"start":{"line":2,"column":30516},"end":{"line":2,"column":30648}},"758":{"start":{"line":2,"column":30682},"end":{"line":2,"column":30712}},"759":{"start":{"line":2,"column":30717},"end":{"line":2,"column":30719}},"760":{"start":{"line":2,"column":30720},"end":{"line":2,"column":30992}},"761":{"start":{"line":2,"column":30756},"end":{"line":2,"column":30760}},"762":{"start":{"line":2,"column":30763},"end":{"line":2,"column":30767}},"763":{"start":{"line":2,"column":30768},"end":{"line":2,"column":30960}},"764":{"start":{"line":2,"column":30802},"end":{"line":2,"column":30805}},"765":{"start":{"line":2,"column":30875},"end":{"line":2,"column":30933}},"766":{"start":{"line":2,"column":31017},"end":{"line":2,"column":31033}},"767":{"start":{"line":2,"column":31036},"end":{"line":2,"column":31037}},"768":{"start":{"line":2,"column":31040},"end":{"line":2,"column":31048}},"769":{"start":{"line":2,"column":31051},"end":{"line":2,"column":31068}},"770":{"start":{"line":2,"column":31071},"end":{"line":2,"column":31083}},"771":{"start":{"line":2,"column":31086},"end":{"line":2,"column":31196}},"772":{"start":{"line":2,"column":31098},"end":{"line":2,"column":31195}},"773":{"start":{"line":2,"column":31117},"end":{"line":2,"column":31194}},"774":{"start":{"line":2,"column":31197},"end":{"line":2,"column":31312}},"775":{"start":{"line":2,"column":31296},"end":{"line":2,"column":31312}},"776":{"start":{"line":2,"column":31312},"end":{"line":2,"column":31344}},"777":{"start":{"line":2,"column":31322},"end":{"line":2,"column":31344}},"778":{"start":{"line":2,"column":31344},"end":{"line":2,"column":31362}},"779":{"start":{"line":2,"column":31372},"end":{"line":2,"column":31428}},"780":{"start":{"line":2,"column":31429},"end":{"line":2,"column":31645}},"781":{"start":{"line":2,"column":31468},"end":{"line":2,"column":31579}},"782":{"start":{"line":2,"column":31610},"end":{"line":2,"column":31643}},"783":{"start":{"line":2,"column":31634},"end":{"line":2,"column":31641}},"784":{"start":{"line":2,"column":31651},"end":{"line":2,"column":31663}},"785":{"start":{"line":2,"column":31664},"end":{"line":2,"column":31973}},"786":{"start":{"line":2,"column":31687},"end":{"line":2,"column":31751}},"787":{"start":{"line":2,"column":31725},"end":{"line":2,"column":31744}},"788":{"start":{"line":2,"column":31808},"end":{"line":2,"column":31835}},"789":{"start":{"line":2,"column":31855},"end":{"line":2,"column":31949}},"790":{"start":{"line":2,"column":31986},"end":{"line":3,"column":41}},"791":{"start":{"line":3,"column":42},"end":{"line":3,"column":217}},"792":{"start":{"line":3,"column":223},"end":{"line":3,"column":555}},"793":{"start":{"line":3,"column":253},"end":{"line":3,"column":254}},"794":{"start":{"line":3,"column":257},"end":{"line":3,"column":265}},"795":{"start":{"line":3,"column":268},"end":{"line":3,"column":275}},"796":{"start":{"line":3,"column":276},"end":{"line":3,"column":518}},"797":{"start":{"line":3,"column":301},"end":{"line":3,"column":306}},"798":{"start":{"line":3,"column":306},"end":{"line":3,"column":337}},"799":{"start":{"line":3,"column":317},"end":{"line":3,"column":337}},"800":{"start":{"line":3,"column":343},"end":{"line":3,"column":518}},"801":{"start":{"line":3,"column":438},"end":{"line":3,"column":459}},"802":{"start":{"line":3,"column":466},"end":{"line":3,"column":518}},"803":{"start":{"line":3,"column":479},"end":{"line":3,"column":518}},"804":{"start":{"line":3,"column":518},"end":{"line":3,"column":554}},"805":{"start":{"line":3,"column":558},"end":{"line":3,"column":622}},"806":{"start":{"line":3,"column":570},"end":{"line":3,"column":621}},"807":{"start":{"line":3,"column":636},"end":{"line":3,"column":666}},"808":{"start":{"line":3,"column":667},"end":{"line":3,"column":1576}},"809":{"start":{"line":3,"column":712},"end":{"line":3,"column":727}},"810":{"start":{"line":3,"column":728},"end":{"line":3,"column":847}},"811":{"start":{"line":3,"column":877},"end":{"line":3,"column":890}},"812":{"start":{"line":3,"column":891},"end":{"line":3,"column":972}},"813":{"start":{"line":3,"column":913},"end":{"line":3,"column":933}},"814":{"start":{"line":3,"column":938},"end":{"line":3,"column":972}},"815":{"start":{"line":3,"column":949},"end":{"line":3,"column":972}},"816":{"start":{"line":3,"column":972},"end":{"line":3,"column":980}},"817":{"start":{"line":3,"column":1000},"end":{"line":3,"column":1080}},"818":{"start":{"line":3,"column":1105},"end":{"line":3,"column":1204}},"819":{"start":{"line":3,"column":1235},"end":{"line":3,"column":1250}},"820":{"start":{"line":3,"column":1251},"end":{"line":3,"column":1491}},"821":{"start":{"line":3,"column":1266},"end":{"line":3,"column":1398}},"822":{"start":{"line":3,"column":1281},"end":{"line":3,"column":1373}},"823":{"start":{"line":3,"column":1373},"end":{"line":3,"column":1397}},"824":{"start":{"line":3,"column":1383},"end":{"line":3,"column":1397}},"825":{"start":{"line":3,"column":1398},"end":{"line":3,"column":1490}},"826":{"start":{"line":3,"column":1519},"end":{"line":3,"column":1534}},"827":{"start":{"line":3,"column":1535},"end":{"line":3,"column":1573}},"828":{"start":{"line":3,"column":1582},"end":{"line":3,"column":1587}},"829":{"start":{"line":3,"column":1590},"end":{"line":3,"column":1595}},"830":{"start":{"line":3,"column":1598},"end":{"line":3,"column":1629}},"831":{"start":{"line":3,"column":1632},"end":{"line":3,"column":1640}},"832":{"start":{"line":3,"column":1655},"end":{"line":3,"column":1742}},"833":{"start":{"line":3,"column":1767},"end":{"line":3,"column":1931}},"834":{"start":{"line":3,"column":1797},"end":{"line":3,"column":1931}},"835":{"start":{"line":3,"column":1883},"end":{"line":3,"column":1904}},"836":{"start":{"line":3,"column":1887},"end":{"line":3,"column":1893}},"837":{"start":{"line":3,"column":1904},"end":{"line":3,"column":1916}},"838":{"start":{"line":3,"column":1922},"end":{"line":3,"column":1931}},"839":{"start":{"line":3,"column":1931},"end":{"line":3,"column":1939}},"840":{"start":{"line":3,"column":1940},"end":{"line":3,"column":3999}},"841":{"start":{"line":3,"column":1970},"end":{"line":3,"column":2003}},"842":{"start":{"line":3,"column":2026},"end":{"line":3,"column":2048}},"843":{"start":{"line":3,"column":2075},"end":{"line":3,"column":2088}},"844":{"start":{"line":3,"column":2112},"end":{"line":3,"column":2134}},"845":{"start":{"line":3,"column":2162},"end":{"line":3,"column":2175}},"846":{"start":{"line":3,"column":2223},"end":{"line":3,"column":2230}},"847":{"start":{"line":3,"column":2233},"end":{"line":3,"column":2248}},"848":{"start":{"line":3,"column":2249},"end":{"line":3,"column":2476}},"849":{"start":{"line":3,"column":2264},"end":{"line":3,"column":2467}},"850":{"start":{"line":3,"column":2335},"end":{"line":3,"column":2346}},"851":{"start":{"line":3,"column":2346},"end":{"line":3,"column":2440}},"852":{"start":{"line":3,"column":2356},"end":{"line":3,"column":2440}},"853":{"start":{"line":3,"column":2440},"end":{"line":3,"column":2466}},"854":{"start":{"line":3,"column":2467},"end":{"line":3,"column":2475}},"855":{"start":{"line":3,"column":2476},"end":{"line":3,"column":2728}},"856":{"start":{"line":3,"column":2522},"end":{"line":3,"column":2535}},"857":{"start":{"line":3,"column":2563},"end":{"line":3,"column":2692}},"858":{"start":{"line":3,"column":2581},"end":{"line":3,"column":2617}},"859":{"start":{"line":3,"column":2608},"end":{"line":3,"column":2617}},"860":{"start":{"line":3,"column":2617},"end":{"line":3,"column":2648}},"861":{"start":{"line":3,"column":2640},"end":{"line":3,"column":2648}},"862":{"start":{"line":3,"column":2654},"end":{"line":3,"column":2692}},"863":{"start":{"line":3,"column":2675},"end":{"line":3,"column":2690}},"864":{"start":{"line":3,"column":2753},"end":{"line":3,"column":2799}},"865":{"start":{"line":3,"column":2781},"end":{"line":3,"column":2797}},"866":{"start":{"line":3,"column":2841},"end":{"line":3,"column":2954}},"867":{"start":{"line":3,"column":2846},"end":{"line":3,"column":2954}},"868":{"start":{"line":3,"column":2978},"end":{"line":3,"column":2988}},"869":{"start":{"line":3,"column":2994},"end":{"line":3,"column":3006}},"870":{"start":{"line":3,"column":3009},"end":{"line":3,"column":3017}},"871":{"start":{"line":3,"column":3020},"end":{"line":3,"column":3029}},"872":{"start":{"line":3,"column":3032},"end":{"line":3,"column":3050}},"873":{"start":{"line":3,"column":3053},"end":{"line":3,"column":3079}},"874":{"start":{"line":3,"column":3064},"end":{"line":3,"column":3078}},"875":{"start":{"line":3,"column":3080},"end":{"line":3,"column":3204}},"876":{"start":{"line":3,"column":3238},"end":{"line":3,"column":3252}},"877":{"start":{"line":3,"column":3253},"end":{"line":3,"column":3363}},"878":{"start":{"line":3,"column":3334},"end":{"line":3,"column":3359}},"879":{"start":{"line":3,"column":3406},"end":{"line":3,"column":3407}},"880":{"start":{"line":3,"column":3408},"end":{"line":3,"column":3622}},"881":{"start":{"line":3,"column":3532},"end":{"line":3,"column":3549}},"882":{"start":{"line":3,"column":3550},"end":{"line":3,"column":3620}},"883":{"start":{"line":3,"column":3644},"end":{"line":3,"column":3691}},"884":{"start":{"line":3,"column":3672},"end":{"line":3,"column":3689}},"885":{"start":{"line":3,"column":3716},"end":{"line":3,"column":3745}},"886":{"start":{"line":3,"column":3777},"end":{"line":3,"column":3778}},"887":{"start":{"line":3,"column":3781},"end":{"line":3,"column":3793}},"888":{"start":{"line":3,"column":3796},"end":{"line":3,"column":3800}},"889":{"start":{"line":3,"column":3803},"end":{"line":3,"column":3814}},"890":{"start":{"line":3,"column":3817},"end":{"line":3,"column":3854}},"891":{"start":{"line":3,"column":3828},"end":{"line":3,"column":3853}},"892":{"start":{"line":3,"column":3855},"end":{"line":3,"column":3900}},"893":{"start":{"line":3,"column":3900},"end":{"line":3,"column":3972}},"894":{"start":{"line":3,"column":3910},"end":{"line":3,"column":3972}},"895":{"start":{"line":3,"column":3972},"end":{"line":3,"column":3995}},"896":{"start":{"line":3,"column":4005},"end":{"line":3,"column":4049}},"897":{"start":{"line":3,"column":4053},"end":{"line":3,"column":4101}},"898":{"start":{"line":3,"column":4105},"end":{"line":3,"column":4136}},"899":{"start":{"line":3,"column":4140},"end":{"line":3,"column":4275}},"900":{"start":{"line":3,"column":4154},"end":{"line":3,"column":4274}},"901":{"start":{"line":3,"column":4279},"end":{"line":3,"column":4408}},"902":{"start":{"line":3,"column":4307},"end":{"line":3,"column":4309}},"903":{"start":{"line":3,"column":4310},"end":{"line":3,"column":4353}},"904":{"start":{"line":3,"column":4321},"end":{"line":3,"column":4353}},"905":{"start":{"line":3,"column":4353},"end":{"line":3,"column":4372}},"906":{"start":{"line":3,"column":4372},"end":{"line":3,"column":4399}},"907":{"start":{"line":3,"column":4383},"end":{"line":3,"column":4399}},"908":{"start":{"line":3,"column":4399},"end":{"line":3,"column":4407}},"909":{"start":{"line":3,"column":4438},"end":{"line":3,"column":4439}},"910":{"start":{"line":3,"column":4442},"end":{"line":3,"column":4444}},"911":{"start":{"line":3,"column":4447},"end":{"line":3,"column":4508}},"912":{"start":{"line":3,"column":4460},"end":{"line":3,"column":4474}},"913":{"start":{"line":3,"column":4487},"end":{"line":3,"column":4507}},"914":{"start":{"line":3,"column":4511},"end":{"line":3,"column":4514}},"915":{"start":{"line":3,"column":4517},"end":{"line":3,"column":4550}},"916":{"start":{"line":3,"column":4553},"end":{"line":3,"column":4604}},"917":{"start":{"line":3,"column":4605},"end":{"line":3,"column":4715}},"918":{"start":{"line":3,"column":4621},"end":{"line":3,"column":4647}},"919":{"start":{"line":3,"column":4647},"end":{"line":3,"column":4714}},"920":{"start":{"line":3,"column":4650},"end":{"line":3,"column":4682}},"921":{"start":{"line":3,"column":4715},"end":{"line":3,"column":4801}},"922":{"start":{"line":3,"column":4809},"end":{"line":3,"column":4811}},"923":{"start":{"line":3,"column":4835},"end":{"line":3,"column":4850}},"924":{"start":{"line":3,"column":4853},"end":{"line":3,"column":4863}},"925":{"start":{"line":3,"column":4866},"end":{"line":3,"column":4871}},"926":{"start":{"line":3,"column":4872},"end":{"line":3,"column":5008}},"927":{"start":{"line":3,"column":5026},"end":{"line":3,"column":5266}},"928":{"start":{"line":3,"column":5066},"end":{"line":3,"column":5266}},"929":{"start":{"line":3,"column":5266},"end":{"line":3,"column":5320}},"930":{"start":{"line":3,"column":5282},"end":{"line":3,"column":5320}},"931":{"start":{"line":3,"column":5320},"end":{"line":3,"column":5328}},"932":{"start":{"line":3,"column":5329},"end":{"line":3,"column":5547}},"933":{"start":{"line":3,"column":5358},"end":{"line":3,"column":5376}},"934":{"start":{"line":3,"column":5394},"end":{"line":3,"column":5409}},"935":{"start":{"line":3,"column":5430},"end":{"line":3,"column":5543}},"936":{"start":{"line":3,"column":5503},"end":{"line":3,"column":5541}},"937":{"start":{"line":3,"column":5554},"end":{"line":3,"column":5577}},"938":{"start":{"line":3,"column":5581},"end":{"line":3,"column":5613}},"939":{"start":{"line":3,"column":5617},"end":{"line":3,"column":5644}},"940":{"start":{"line":3,"column":5648},"end":{"line":3,"column":5898}},"941":{"start":{"line":3,"column":5899},"end":{"line":3,"column":5983}},"942":{"start":{"line":3,"column":6006},"end":{"line":3,"column":6205}},"943":{"start":{"line":3,"column":6223},"end":{"line":3,"column":6307}},"944":{"start":{"line":3,"column":6254},"end":{"line":3,"column":6307}},"945":{"start":{"line":3,"column":6315},"end":{"line":3,"column":6326}},"946":{"start":{"line":3,"column":6350},"end":{"line":3,"column":6784}},"947":{"start":{"line":3,"column":6427},"end":{"line":3,"column":6784}},"948":{"start":{"line":3,"column":6446},"end":{"line":3,"column":6784}},"949":{"start":{"line":3,"column":6470},"end":{"line":3,"column":6498}},"950":{"start":{"line":3,"column":6503},"end":{"line":3,"column":6784}},"951":{"start":{"line":3,"column":6518},"end":{"line":3,"column":6671}},"952":{"start":{"line":3,"column":6671},"end":{"line":3,"column":6695}},"953":{"start":{"line":3,"column":6681},"end":{"line":3,"column":6695}},"954":{"start":{"line":3,"column":6695},"end":{"line":3,"column":6750}},"955":{"start":{"line":3,"column":6756},"end":{"line":3,"column":6784}},"956":{"start":{"line":3,"column":6784},"end":{"line":3,"column":6805}},"957":{"start":{"line":3,"column":6805},"end":{"line":3,"column":6991}},"958":{"start":{"line":3,"column":6820},"end":{"line":3,"column":6991}},"959":{"start":{"line":3,"column":6844},"end":{"line":3,"column":6857}},"960":{"start":{"line":3,"column":6862},"end":{"line":3,"column":6991}},"961":{"start":{"line":3,"column":6941},"end":{"line":3,"column":6945}},"962":{"start":{"line":3,"column":6945},"end":{"line":3,"column":6990}},"963":{"start":{"line":3,"column":6960},"end":{"line":3,"column":6990}},"964":{"start":{"line":3,"column":6991},"end":{"line":3,"column":6999}},"965":{"start":{"line":3,"column":7000},"end":{"line":3,"column":7382}},"966":{"start":{"line":3,"column":7018},"end":{"line":3,"column":7044}},"967":{"start":{"line":3,"column":7047},"end":{"line":3,"column":7084}},"968":{"start":{"line":3,"column":7087},"end":{"line":3,"column":7111}},"969":{"start":{"line":3,"column":7112},"end":{"line":3,"column":7378}},"970":{"start":{"line":3,"column":7389},"end":{"line":3,"column":7406}},"971":{"start":{"line":3,"column":7410},"end":{"line":3,"column":7416}},"972":{"start":{"line":3,"column":7420},"end":{"line":3,"column":7468}},"973":{"start":{"line":3,"column":7472},"end":{"line":3,"column":7493}},"974":{"start":{"line":3,"column":7508},"end":{"line":3,"column":7516}},"975":{"start":{"line":3,"column":7531},"end":{"line":3,"column":7539}},"976":{"start":{"line":3,"column":7554},"end":{"line":3,"column":7591}},"977":{"start":{"line":3,"column":7558},"end":{"line":3,"column":7580}},"978":{"start":{"line":3,"column":7625},"end":{"line":3,"column":7725}},"979":{"start":{"line":3,"column":7648},"end":{"line":3,"column":7686}},"980":{"start":{"line":3,"column":7686},"end":{"line":3,"column":7716}},"981":{"start":{"line":3,"column":7697},"end":{"line":3,"column":7716}},"982":{"start":{"line":3,"column":7716},"end":{"line":3,"column":7724}},"983":{"start":{"line":3,"column":7725},"end":{"line":3,"column":7858}},"984":{"start":{"line":3,"column":7833},"end":{"line":3,"column":7838}},"985":{"start":{"line":3,"column":7843},"end":{"line":3,"column":7858}},"986":{"start":{"line":3,"column":7849},"end":{"line":3,"column":7858}},"987":{"start":{"line":3,"column":7858},"end":{"line":3,"column":8013}},"988":{"start":{"line":3,"column":7891},"end":{"line":3,"column":7932}},"989":{"start":{"line":3,"column":7986},"end":{"line":3,"column":8011}},"990":{"start":{"line":3,"column":8014},"end":{"line":3,"column":14293}},"991":{"start":{"line":3,"column":8085},"end":{"line":3,"column":8093}},"992":{"start":{"line":3,"column":8094},"end":{"line":3,"column":8962}},"993":{"start":{"line":3,"column":8100},"end":{"line":3,"column":8405}},"994":{"start":{"line":3,"column":8268},"end":{"line":3,"column":8366}},"995":{"start":{"line":3,"column":8405},"end":{"line":3,"column":8961}},"996":{"start":{"line":3,"column":8415},"end":{"line":3,"column":8961}},"997":{"start":{"line":3,"column":9019},"end":{"line":3,"column":9041}},"998":{"start":{"line":3,"column":9042},"end":{"line":3,"column":9723}},"999":{"start":{"line":3,"column":9062},"end":{"line":3,"column":9098}},"1000":{"start":{"line":3,"column":9098},"end":{"line":3,"column":9675}},"1001":{"start":{"line":3,"column":9108},"end":{"line":3,"column":9675}},"1002":{"start":{"line":3,"column":9174},"end":{"line":3,"column":9322}},"1003":{"start":{"line":3,"column":9322},"end":{"line":3,"column":9523}},"1004":{"start":{"line":3,"column":9332},"end":{"line":3,"column":9523}},"1005":{"start":{"line":3,"column":9523},"end":{"line":3,"column":9626}},"1006":{"start":{"line":3,"column":9632},"end":{"line":3,"column":9675}},"1007":{"start":{"line":3,"column":9643},"end":{"line":3,"column":9675}},"1008":{"start":{"line":3,"column":9675},"end":{"line":3,"column":9722}},"1009":{"start":{"line":3,"column":9752},"end":{"li
[...]
:0,"397":0,"398":0,"399":0,"400":0,"401":0,"402":0,"403":3,"404":0,"405":0,"406":0,"407":0,"408":0,"409":0,"410":0,"411":0,"412":0,"413":0,"414":0,"415":0,"416":0,"417":0,"418":0,"419":0,"420":0,"421":0,"422":0,"423":0,"424":0,"425":0,"426":0,"427":0,"428":0,"429":0,"430":0,"431":3,"432":0,"433":6,"434":0,"435":0,"436":0,"437":0,"438":0,"439":0,"440":0,"441":0,"442":1,"443":0,"444":0,"445":0,"446":0,"447":0,"448":0,"449":0,"450":16,"451":0,"452":0,"453":0,"454":0,"455":0,"456":0,"457":0,"458":0,"459":10,"460":0,"461":0,"462":0,"463":0,"464":0,"465":0,"466":0,"467":0,"468":0,"469":0,"470":0,"471":0,"472":0,"473":0,"474":0,"475":0,"476":2,"477":0,"478":0,"479":0,"480":0,"481":0,"482":0,"483":0,"484":22,"485":0,"486":0,"487":2,"488":0,"489":0,"490":0,"491":0,"492":0,"493":0,"494":0,"495":0,"496":0,"497":0,"498":0,"499":0,"500":0,"501":0,"502":0,"503":2,"504":5,"505":0,"506":0,"507":0,"508":2,"509":0,"510":0,"511":2,"512":0,"513":0,"514":0,"515":0,"516":0,"517":0,"518":0,"519":0,"520":0,"521":0,"522":0,"523":2,"524":0,"525":0,"526":0,"527":0,"528":0,"529":0,"530":0,"531":0,"532":0,"533":0,"534":0,"535":0,"536":0,"537":1,"538":0,"539":0,"540":0,"541":0,"542":0,"543":0,"544":0,"545":0,"546":0,"547":0,"548":0,"549":0,"550":0,"551":0,"552":0,"553":0,"554":0,"555":0,"556":0,"557":1,"558":0,"559":0,"560":0,"561":0,"562":0,"563":6,"564":0,"565":0,"566":0,"567":0,"568":0,"569":0,"570":0,"571":0,"572":0,"573":0,"574":2,"575":0,"576":0,"577":2,"578":0,"579":2,"580":6,"581":0,"582":0,"583":0,"584":0,"585":0,"586":0,"587":0,"588":0},"b":{"0":[1,0],"1":[1,1],"2":[1,0],"3":[0,0],"4":[1,0],"5":[0,0],"6":[0,0],"7":[0,0],"8":[0,0],"9":[0,0],"10":[0,0],"11":[0,0],"12":[39,0],"13":[39,5],"14":[5,0],"15":[39,1,0],"16":[39,30],"17":[39,0],"18":[153,153],"19":[3,150],"20":[153,8,8,5],"21":[0,3],"22":[0,0],"23":[0,0],"24":[3,0],"25":[3,3],"26":[150,150],"27":[33,33],"28":[0,0,0],"29":[11,6,6],"30":[11,11],"31":[6,6],"32":[6,6],"33":[5,78],"34":[49,29],"35":[78,45],"36":[49,6],"37":[0,0],"38":[22,11],"39":[0,97],"40":[0,72],"41":[0,0],"42":[0,0],"43":[0,0],"44":[0,0],"45":[0,0],"46":[0,0],"47":[0,0],"48":[0,0],"49":[0,0],"50":[0,0],"51":[0,0],"52":[0,0],"53":[0,0],"54":[0,0],"55":[1,1],"56":[33,33,22],"57":[33,33,33,17,17,6,6],"58":[18,0],"59":[0,0],"60":[0,0],"61":[0,0],"62":[0,0],"63":[0,0],"64":[0,0],"65":[0,0,0],"66":[0,0],"67":[1,1],"68":[1,0],"69":[0,1],"70":[1,0],"71":[1,1,1,0,0],"72":[1,0],"73":[1,1],"74":[1,0],"75":[1,0],"76":[1,0],"77":[1,0],"78":[0,1],"79":[1,1],"80":[0,0],"81":[0,0],"82":[0,0],"83":[0,0],"84":[0,0],"85":[0,0,0,0],"86":[0,0],"87":[0,0],"88":[0,0,0],"89":[0,1],"90":[1,0,0,0],"91":[0,0],"92":[0,0],"93":[0,0],"94":[0,0,0],"95":[0,0],"96":[0,0],"97":[2,0],"98":[7,1],"99":[0,0],"100":[0,0,0,0],"101":[0,0],"102":[0,0],"103":[0,0],"104":[0,0],"105":[0,0],"106":[0,0,0],"107":[0,0],"108":[0,0],"109":[0,0],"110":[0,0],"111":[0,0],"112":[0,0,0],"113":[0,0],"114":[0,0],"115":[0,0,0],"116":[1,1],"117":[1,1],"118":[1,1],"119":[0,1],"120":[0,0],"121":[1,0],"122":[1,1,1],"123":[1,0,0,0],"124":[0,0],"125":[0,0],"126":[1,1],"127":[1,0],"128":[0,0],"129":[0,0],"130":[0,0],"131":[0,0],"132":[0,0],"133":[0,0],"134":[0,0],"135":[0,0],"136":[0,0],"137":[0,0],"138":[0,0],"139":[0,0],"140":[1,0],"141":[1,0],"142":[0,0],"143":[0,0],"144":[0,0],"145":[1,0],"146":[0,0],"147":[0,0],"148":[1,0],"149":[0,0],"150":[0,0],"151":[0,0],"152":[0,0],"153":[0,0],"154":[0,0],"155":[0,0],"156":[0,0],"157":[1,0],"158":[1,0,0,0,0],"159":[1,0],"160":[1,0],"161":[0,1],"162":[1,1],"163":[0,0],"164":[0,0],"165":[0,0],"166":[0,0,0],"167":[0,0],"168":[0,0],"169":[0,0],"170":[0,0],"171":[0,1],"172":[0,0],"173":[0,0],"174":[0,0],"175":[0,0],"176":[0,0],"177":[0,0],"178":[0,0,0],"179":[0,0],"180":[0,0,0],"181":[0,0],"182":[0,0,0],"183":[0,0],"184":[0,0],"185":[0,0],"186":[0,0],"187":[0,0],"188":[0,0],"189":[0,0],"190":[0,0],"191":[0,0],"192":[0,0],"193":[0,0],"194":[0,0],"195":[0,0],"196":[0,0],"197":[0,0],"198":[0,0],"199":[0,0],"200":[0,0,0,0,0,0,0],"201":[0,0],"202":[0,0,0,0],"203":[0,0],"204":[0,0],"205":[0,0],"206":[0,0],"207":[0,0],"208":[0,0],"209":[0,0],"210":[0,0],"211":[0,0],"212":[0,0],"213":[0,0],"214":[0,0],"215":[0,0],"216":[0,0],"217":[0,0],"218":[0,0],"219":[0,0,0],"220":[0,0],"221":[0,0],"222":[0,0],"223":[0,0,0,0],"224":[0,0],"225":[0,0],"226":[0,0],"227":[0,0],"228":[0,0],"229":[0,0],"230":[0,0],"231":[0,0],"232":[1,1],"233":[0,1],"234":[0,1],"235":[0,0,0],"236":[1,0,0,0,0],"237":[0,0],"238":[0,0],"239":[0,0,0],"240":[0,0,0,0,0],"241":[0,0],"242":[0,0],"243":[0,0],"244":[0,0],"245":[0,0],"246":[0,0],"247":[0,0],"248":[0,0],"249":[0,0],"250":[0,0],"251":[0,0],"252":[0,0,0],"253":[0,0],"254":[0,0],"255":[0,0],"256":[0,0],"257":[0,0],"258":[0,0],"259":[0,0],"260":[0,0],"261":[0,0],"262":[0,0,0],"263":[0,0],"264":[0,0],"265":[0,0],"266":[0,0],"267":[0,0],"268":[0,0],"269":[0,0],"270":[0,0],"271":[0,0],"272":[0,0,0,0,0],"273":[0,0],"274":[0,0,0],"275":[0,0],"276":[0,0],"277":[0,0],"278":[0,0],"279":[0,0],"280":[0,0],"281":[0,0,0,0,0],"282":[0,0],"283":[0,0,0],"284":[0,0],"285":[0,0],"286":[0,0],"287":[0,0],"288":[0,0,0],"289":[1,0,0],"290":[0,1],"291":[0,1],"292":[0,0],"293":[0,0],"294":[0,0],"295":[0,0,0],"296":[0,0],"297":[0,0],"298":[0,0],"299":[0,0],"300":[0,0],"301":[0,0],"302":[0,0],"303":[0,0],"304":[0,0],"305":[0,0,0,0],"306":[0,0,0],"307":[0,0,0,0],"308":[1,1],"309":[0,0],"310":[0,0,0],"311":[0,0,0,0],"312":[0,0],"313":[0,1],"314":[0,0],"315":[1,0,1],"316":[1,0],"317":[0,0],"318":[1,0],"319":[6,2,1,2],"320":[0,1],"321":[0,1],"322":[0,1],"323":[3,2],"324":[3,2],"325":[0,3],"326":[0,0],"327":[0,0],"328":[0,1],"329":[0,0],"330":[0,0,0],"331":[1,0],"332":[1,0],"333":[0,1],"334":[1,1],"335":[1,1],"336":[1,0],"337":[0,0],"338":[0,1],"339":[1,0,0],"340":[1,0],"341":[1,0],"342":[0,2],"343":[0,0,0,0],"344":[0,0],"345":[0,0,0],"346":[0,0,0],"347":[0,0],"348":[0,0],"349":[0,0],"350":[0,0],"351":[0,0,0],"352":[0,0],"353":[0,0],"354":[0,0],"355":[0,0],"356":[0,0],"357":[0,0],"358":[0,0],"359":[0,0],"360":[0,0],"361":[0,0],"362":[0,0],"363":[0,0],"364":[0,0],"365":[0,0,0],"366":[0,0],"367":[0,0],"368":[0,0],"369":[0,1],"370":[0,1],"371":[0,0],"372":[0,0],"373":[0,0],"374":[0,0],"375":[0,0],"376":[0,0],"377":[0,0],"378":[1,1],"379":[1,0,0],"380":[1,0],"381":[0,0],"382":[2,1],"383":[1,0],"384":[1,1],"385":[1,0,0],"386":[1,0],"387":[1,0],"388":[1,1],"389":[1,0],"390":[0,0],"391":[0,0],"392":[0,0],"393":[0,1],"394":[1,0],"395":[0,0],"396":[0,0],"397":[0,0,0],"398":[0,0,0,0,0],"399":[1,1],"400":[0,1],"401":[1,0],"402":[1,0],"403":[0,1],"404":[1,0],"405":[1,1],"406":[1,1],"407":[1,0],"408":[1,0],"409":[0,1],"410":[1,0,0,0,0],"411":[0,0],"412":[0,0],"413":[0,0],"414":[0,1],"415":[0,2],"416":[1,1],"417":[2,1],"418":[1,0,1],"419":[0,1],"420":[1,1],"421":[1,1],"422":[1,1,0,1],"423":[1,0],"424":[0,0],"425":[0,0],"426":[1,1,0],"427":[0,0],"428":[0,0],"429":[1,0],"430":[0,0],"431":[0,0],"432":[0,0],"433":[0,0],"434":[0,0],"435":[0,0],"436":[0,0],"437":[0,0],"438":[0,0,0],"439":[0,0],"440":[0,0],"441":[0,0],"442":[0,0],"443":[0,0],"444":[0,0],"445":[0,0],"446":[0,0],"447":[0,0],"448":[0,1],"449":[0,0],"450":[0,1],"451":[0,0],"452":[0,0],"453":[0,0],"454":[0,0],"455":[0,0],"456":[1,6],"457":[0,6],"458":[6,6],"459":[0,0],"460":[0,0],"461":[0,0,0],"462":[0,0,0],"463":[0,0],"464":[0,0],"465":[0,0],"466":[0,0],"467":[0,0],"468":[0,0],"469":[0,0],"470":[0,0],"471":[0,0],"472":[0,0],"473":[0,0],"474":[0,0],"475":[6,0],"476":[0,0],"477":[0,0],"478":[0,0],"479":[0,0],"480":[0,0],"481":[0,0],"482":[0,0],"483":[0,0],"484":[0,0],"485":[0,0],"486":[0,0],"487":[0,0],"488":[0,0],"489":[0,0],"490":[0,0],"491":[0,0],"492":[0,0],"493":[0,0],"494":[0,0],"495":[0,0],"496":[0,0],"497":[0,0],"498":[0,0],"499":[0,0,0],"500":[0,0],"501":[0,0],"502":[0,0],"503":[6,0],"504":[6,0],"505":[0,0,0],"506":[0,0],"507":[0,0],"508":[0,0],"509":[5,5],"510":[5,0,0],"511":[9,0],"512":[9,0,9],"513":[0,0,0,0],"514":[5,0,0],"515":[0,0],"516":[0,0],"517":[0,0],"518":[0,0,0],"519":[0,0],"520":[0,0],"521":[0,0],"522":[0,0],"523":[0,0],"524":[0,0],"525":[0,0],"526":[0,0],"527":[0,0],"528":[0,0],"529":[0,0],"530":[0,0],"531":[0,0],"532":[0,0],"533":[0,0],"534":[0,0,0,0],"535":[0,0],"536":[0,0],"537":[0,0],"538":[0,0],"539":[0,0],"540":[0,0],"541":[0,0],"542":[0,0],"543":[0,0],"544":[0,0],"545":[0,0],"546":[0,0],"547":[0,0],"548":[1,0],"549":[3,2],"550":[0,0],"551":[1,0],"552":[0,0],"553":[0,0],"554":[0,0],"555":[0,0],"556":[0,0],"557":[0,0],"558":[0,0,0,0,0],"559":[0,0],"560":[0,0],"561":[0,0],"562":[0,0,0],"563":[1,0],"564":[1,0,0],"565":[0,5],"566":[0,5],"567":[5,0],"568":[0,0],"569":[0,0],"570":[0,0],"571":[0,0],"572":[0,5],"573":[5,0],"574":[0,0],"575":[5,0,0],"576":[5,5],"577":[5,5],"578":[5,0],"579":[5,0],"580":[0,5],"581":[5,0],"582":[0,0],"583":[0,0,0,0],"584":[0,0],"585":[0,0],"586":[0,0],"587":[0,0],"588":[0,0],"589":[0,0],"590":[0,0,0],"591":[0,0],"592":[0,0],"593":[5,5,5],"594":[0,5],"595":[5,0],"596":[0,0],"597":[5,0],"598":[5,5],"599":[5,0],"600":[0,0],"601":[5,5],"602":[0,5],"603":[0,0],"604":[0,0],"605":[0,0],"606":[0,0],"607":[0,0],"608":[0,5],"609":[5,0],"610":[5,5],"611":[0,5],"612":[5,0],"613":[0,0],"614":[0,0],"615":[0,0],"616":[0,0],"617":[0,0],"618":[0,0],"619":[0,0],"620":[0,0],"621":[0,0],"622":[0,0],"623":[0,0,0],"624":[0,0],"625":[0,0],"626":[0,0],"627":[0,0],"628":[0,0,0],"629":[0,0],"630":[0,0],"631":[0,0],"632":[0,0],"633":[0,0,0],"634":[0,0],"635":[0,0,0,0],"636":[0,0],"637":[0,0],"638":[0,0,0],"639":[0,0],"640":[0,0,0,0],"641":[0,0],"642":[0,0],"643":[0,0],"644":[0,0],"645":[0,0],"646":[0,0,0],"647":[0,0],"648":[0,0],"649":[0,0,0],"650":[0,0],"651":[0,0],"652":[0,0],"653":[0,0],"654":[0,0],"655":[0,0],"656":[0,0],"657":[0,0],"658":[0,0],"659":[0,0,0],"660":[0,0],"661":[0,0],"662":[0,0],"663":[0,0],"664":[0,0],"665":[0,0],"666":[0,0],"667":[0,0],"668":[0,0],"669":[0,0],"670":[0,0,0],"671":[0,0],"672":[0,0],"673":[0,0],"674":[0,0],"675":[0,0],"676":[0,0],"677":[0,0],"678":[0,0],"679":[0,0],"680":[0,0],"681":[0,0],"682":[0,0],"683":[0,0],"684":[0,0],"685":[0,0],"686":[0,0],"687":[0,0],"688":[0,0],"689":[0,0],"690":[0,0],"691":[0,0],"692":[0,0],"693":[0,0],"694":[0,0],"695":[0,0],"696":[0,0],"697":[0,0],"698":[0,0],"699":[0,0],"700":[0,0],"701":[0,0],"702":[0,0],"703":[0,0],"704":[0,0],"705":[0,0],"706":[0,0],"707":[0,0],"708":[0,0],"709":[0,0],"710":[0,0],"711":[0,0],"712":[0,0],"713":[0,0],"714":[0,0],"715":[0,0],"716":[0,0],"717":[0,0,0,0],"718":[0,0],"719":[0,0],"720":[0,0],"721":[0,0],"722":[0,0],"723":[0,0],"724":[0,0],"725":[0,0],"726":[0,0],"727":[0,0],"728":[0,0],"729":[0,0],"730":[0,0],"731":[0,0],"732":[0,0],"733":[0,0],"734":[0,0,0,0,0,0,0,0,0,0,0],"735":[0,0],"736":[0,0],"737":[0,0,0],"738":[0,0,0],"739":[0,0],"740":[0,0],"741":[0,0],"742":[0,0],"743":[0,0],"744":[0,0],"745":[0,0],"746":[0,0],"747":[0,0,0],"748":[0,0],"749":[0,0],"750":[0,0,0],"751":[0,0],"752":[0,0],"753":[0,0,0],"754":[0,0],"755":[0,0],"756":[0,0],"757":[0,0,0],"758":[0,0],"759":[0,0],"760":[0,0],"761":[0,0],"762":[0,0],"763":[1,29],"764":[0,0],"765":[0,0],"766":[0,0],"767":[0,0],"768":[0,0],"769":[0,0],"770":[0,0],"771":[0,0],"772":[0,0,0],"773":[0,0,0],"774":[0,0],"775":[0,0],"776":[0,0],"777":[0,0],"778":[0,0],"779":[0,0,0],"780":[0,0],"781":[0,0],"782":[0,0],"783":[0,0,0],"784":[0,0,0],"785":[0,0,0],"786":[0,0,0],"787":[0,0],"788":[0,0],"789":[0,0],"790":[0,0],"791":[0,0,0],"792":[0,0],"793":[0,0],"794":[0,0],"795":[0,0,0,0],"796":[0,0],"797":[0,0,0],"798":[0,0],"799":[0,0],"800":[0,0,0],"801":[0,0],"802":[0,0],"803":[0,0],"804":[0,0],"805":[0,0],"806":[0,0],"807":[0,0],"808":[0,0],"809":[0,0],"810":[0,0],"811":[0,0],"812":[0,0],"813":[0,0,0],"814":[0,0],"815":[0,0,0,0,0],"816":[0,0],"817":[0,0],"818":[0,0],"819":[0,0],"820":[0,0],"821":[0,0],"822":[0,0],"823":[0,0],"824":[0,0,0,0],"825":[0,0],"826":[0,0],"827":[0,0],"828":[0,0,0],"829":[0,0],"830":[0,0,0],"831":[0,0],"832":[0,0,0,0],"833":[0,0],"834":[0,0],"835":[0,0],"836":[0,0],"837":[0,0],"838":[0,0],"839":[0,0],"840":[0,0],"841":[0,0],"842":[0,0],"843":[0,0],"844":[0,0],"845":[0,0,0,0],"846":[0,0],"847":[0,0,0],"848":[0,0],"849":[0,0,0],"850":[0,0],"851":[0,0],"852":[0,0],"853":[0,0],"854":[0,0],"855":[0,0],"856":[0,0],"857":[0,0],"858":[0,0],"859":[0,0,0],"860":[0,0],"861":[0,0],"862":[0,0],"863":[0,0],"864":[0,0],"865":[0,0],"866":[0,0],"867":[0,0,0],"868":[0,0],"869":[1,1],"870":[0,0],"871":[0,0],"872":[0,0],"873":[0,0,0],"874":[0,0,0,0],"875":[0,0],"876":[0,0],"877":[0,0],"878":[0,0],"879":[0,0],"880":[0,0],"881":[0,0],"882":[0,0],"883":[0,0],"884":[0,0],"885":[0,0],"886":[0,0],"887":[0,0],"888":[0,0],"889":[0,0],"890":[0,0],"891":[0,0],"892":[0,0],"893":[0,0],"894":[0,0,0],"895":[0,0,0],"896":[0,0],"897":[0,0],"898":[0,0],"899":[0,0],"900":[0,0],"901":[0,0],"902":[0,0,0,0],"903":[0,0],"904":[0,0],"905":[0,0],"906":[0,0],"907":[0,0],"908":[0,0,0],"909":[0,0,0,0],"910":[0,0,0],"911":[0,0],"912":[0,0,0],"913":[0,0],"914":[0,0,0,0],"915":[0,0,0,0],"916":[0,0],"917":[0,0],"918":[0,0],"919":[0,0,0],"920":[0,0],"921":[0,0,0],"922":[0,0],"923":[0,0],"924":[0,0],"925":[0,0],"926":[0,0],"927":[0,0],"928":[0,0],"929":[0,0,0],"930":[0,0],"931":[0,0],"932":[0,0,0,0],"933":[0,0],"934":[0,0],"935":[0,0],"936":[0,0,0],"937":[3,2],"938":[0,0],"939":[0,0],"940":[0,0],"941":[0,0],"942":[0,0],"943":[0,0],"944":[0,0],"945":[0,0],"946":[0,0],"947":[0,0],"948":[0,0],"949":[0,0],"950":[0,0,0],"951":[0,0],"952":[0,0],"953":[0,0],"954":[0,0],"955":[0,0,0],"956":[0,0,0],"957":[0,0],"958":[0,3],"959":[3,0],"960":[0,0],"961":[0,0],"962":[0,0],"963":[0,0],"964":[0,0],"965":[0,0],"966":[0,0],"967":[0,0],"968":[0,0],"969":[0,0],"970":[0,0],"971":[0,0],"972":[0,0,0],"973":[0,0,0],"974":[0,0],"975":[0,0],"976":[0,0,0],"977":[0,0],"978":[0,0],"979":[0,0],"980":[0,0],"981":[0,0],"982":[0,0,0,0,0],"983":[0,0],"984":[0,0],"985":[0,0],"986":[0,0],"987":[0,0],"988":[0,0],"989":[0,0],"990":[0,0],"991":[0,0],"992":[0,0],"993":[0,0],"994":[0,0],"995":[0,0],"996":[0,0],"997":[0,0],"998":[0,0],"999":[0,0],"1000":[0,0],"1001":[0,0],"1002":[0,0],"1003":[0,0],"1004":[0,0],"1005":[0,0],"1006":[0,0],"1007":[0,0],"1008":[0,0],"1009":[0,0],"1010":[0,0],"1011":[0,0],"1012":[0,0],"1013":[0,0],"1014":[0,0],"1015":[0,0],"1016":[0,0],"1017":[0,0,0,0,0],"1018":[0,0,0,0,0],"1019":[0,0],"1020":[0,0],"1021":[0,0],"1022":[0,0],"1023":[0,0,0],"1024":[0,0],"1025":[0,0],"1026":[0,0,0],"1027":[0,0],"1028":[0,0],"1029":[0,0],"1030":[0,0,0],"1031":[0,0],"1032":[0,0],"1033":[0,0],"1034":[0,0,0],"1035":[0,0,0,0],"1036":[0,0,0,0],"1037":[0,0,0],"1038":[0,0],"1039":[0,0],"1040":[0,0],"1041":[0,0,0],"1042":[0,0,0],"1043":[0,0,0],"1044":[0,0],"1045":[0,0],"1046":[0,0,0],"1047":[0,0],"1048":[0,0],"1049":[0,0],"1050":[0,0],"1051":[0,0],"1052":[0,0],"1053":[0,0],"1054":[0,0],"1055":[0,0],"1056":[0,0,0],"1057":[0,0],"1058":[0,0,0],"1059":[0,0],"1060":[0,0],"1061":[0,0],"1062":[0,0],"1063":[0,0],"1064":[0,0,0],"1065":[0,0],"1066":[0,0,0],"1067":[0,0],"1068":[0,0],"1069":[0,0,0],"1070":[0,0],"1071":[0,0],"1072":[0,0],"1073":[0,0],"1074":[0,0],"1075":[16,16],"1076":[0,0],"1077":[0,0],"1078":[0,0],"1079":[0,0],"1080":[0,0,0],"1081":[0,0,0],"1082":[0,0],"1083":[0,0],"1084":[0,0],"1085":[0,0,0],"1086":[0,0],"1087":[0,0,0],"1088":[0,0],"1089":[0,0],"1090":[0,0,0],"1091":[1,0],"1092":[0,0,0],"1093":[0,0],"1094":[0,0],"1095":[0,0],"1096":[0,0,0],"1097":[0,0],"1098":[0,0],"1099":[0,0],"1100":[0,0],"1101":[0,0],"1102":[0,0],"1103":[0,0],"1104":[0,0],"1105":[0,0],"1106":[0,0],"1107":[0,0],"1108":[0,0],"1109":[0,0],"1110":[0,0],"1111":[0,0],"1112":[0,0],"1113":[0,0],"1114":[0,0],"1115":[0,0],"1116":[0,0],"1117":[0,0],"1118":[0,0],"1119":[0,0],"1120":[0,0,0],"1121":[0,0],"1122":[0,0],"1123":[0,0],"1124":[0,0],"1125":[0,0],"1126":[0,0],"1127":[0,0],"1128":[0,0],"1129":[0,0],"1130":[0,0],"1131":[0,0],"1132":[0,0],"1133":[0,0],"1134":[0,0],"1135":[0,0],"1136":[0,0,0,0],"1137":[0,0],"1138":[0,0],"1139":[0,0],"1140":[0,0,0],"1141":[0,0],"1142":[0,0],"1143":[0,0],"1144":[0,0],"1145":[0,0],"1146":[0,0],"1147":[0,0],"1148":[0,0],"1149":[0,0,0,0,0],"1150":[0,0],"1151":[0,0],"1152":[0,0],"1153":[0,0],"1154":[2,2],"1155":[0,0],"1156":[0,0],"1157":[0,0],"1158":[0,0],"1159":[0,0],"1160":[0,0],"1161":[0,0,0,0],"1162":[0,0],"1163":[0,0],"1164":[0,0],"1165":[0,0],"1166":[0,0],"1167":[0,0],"1168":[0,0],"1169":[0,0],"1170":[0,0],"1171":[0,0,0],"1172":[0,0],"1173":[0,0,0],"1174":[0,0],"1175":[0,0],"1176":[0,0],"1177":[0,0],"1178":[0,0,0],"1179":[0,0],"1180":[0,0],"1181":[0,0],"1182":[0,0],"1183":[0,0],"1184":[0,0],"1185":[0,0],"1186":[0,0,0,0],"1187":[0,0],"1188":[0,0,0,0,0,0,0,0,0],"1189":[0,0],"1190":[0,0],"1191":[0,0],"1192":[0,0],"1193":[0,0],"1194":[1,1],"1195":[0,0],"1196":[0,0],"1197":[0,0],"1198":[0,0],"1199":[0,0],"1200":[0,0],"1201":[0,0],"1202":[0,0,0],"1203":[0,0],"1204":[0,0],"1205":[0,0],"1206":[0,0],"1207":[0,0],"1208":[0,0],"1209":[0,0],"1210":[0,0],"1211":[0,0],"1212":[0,0],"1213":[0,0,0],"1214":[0,0],"1215":[0,0,0,0,0,0],"1216":[0,0],"1217":[0,0],"1218":[5,2],"1219":[5,0],"1220":[5,0],"1221":[0,6],"1222":[0,0],"1223":[0,0],"1224":[6,6],"1225":[0,0],"1226":[0,0],"1227":[0,0,0],"1228":[0,0],"1229":[0,0,0],"1230":[2,0],"1231":[5,5],"1232":[0,5],"1233":[5,2],"1234":[2,2],"1235":[0,0],"1236":[0,0],"1237":[0,0],"1238":[0,0],"1239":[0,0],"1240":[0,0],"1241":[0,0],"1242":[0,0],"1243":[0,0],"1244":[0,0],"1245":[0,0],"1246":[0,0],"1247":[0,0],"1248":[0,0],"1249":[0,0],"1250":[0,0,0,0],"1251":[0,0],"1252":[0,0],"1253":[0,0],"1254":[0,0],"1255":[0,0],"1256":[0,0],"1257":[0,0],"1258":[0,0],"1259":[0,0],"1260":[0,0],"1261":[0,0],"1262":[0,0],"1263":[0,0],"1264":[0,0],"1265":[0,2],"1266":[0,0],"1267":[0,0],"1268":[0,0],"1269":[0,0],"1270":[0,0,0],"1271":[0,0],"1272":[0,0],"1273":[0,0],"1274":[0,0],"1275":[0,0],"1276":[0,0],"1277":[0,0],"1278":[0,0],"1279":[0,0],"1280":[0,0],"1281":[0,0],"1282":[0,0],"1283":[0,0],"1284":[0,0,0],"1285":[0,0,0,0],"1286":[0,0],"1287":[0,0],"1288":[0,0],"1289":[0,0,0,0],"1290":[0,0],"1291":[0,0,0],"1292":[0,0],"1293":[0,0,0,0],"1294":[0,0],"1295":[0,0],"1296":[0,0],"1297":[0,0],"1298":[0,0],"1299":[0,0],"1300":[0,0],"1301":[0,0],"1302":[0,0,0,0,0],"1303":[0,0],"1304":[0,0],"1305":[0,0],"1306":[0,0],"1307":[0,0,0],"1308":[0,0],"1309":[0,0],"1310":[0,0],"1311":[0,0,0],"1312":[0,0],"1313":[0,0],"1314":[0,0],"1315":[0,0],"1316":[0,0],"1317":[0,0,0],"1318":[0,0],"1319":[0,0],"1320":[0,0],"1321":[0,0],"1322":[0,0],"1323":[0,0],"1324":[0,0],"1325":[0,0],"1326":[0,0,0],"1327":[0,0],"1328":[0,0],"1329":[0,0],"1330":[0,0],"1331":[0,0],"1332":[0,0],"1333":[0,0],"1334":[0,0],"1335":[0,0],"1336":[0,0],"1337":[0,0],"1338":[0,0],"1339":[0,0],"1340":[0,0],"1341":[0,0],"1342":[0,0],"1343":[0,0],"1344":[0,0,0],"1345":[1,1],"1346":[0,0],"1347":[0,0,0],"1348":[0,0],"1349":[0,0,0],"1350":[0,0,0],"1351":[0,0],"1352":[0,0],"1353":[0,0],"1354":[0,0],"1355":[0,0],"1356":[0,0],"1357":[0,0],"1358":[0,0],"1359":[0,0],"1360":[0,0],"1361":[0,0],"1362":[0,0,0],"1363":[0,0],"1364":[0,0],"1365":[0,0],"1366":[0,0],"1367":[0,0],"1368":[0,0],"1369":[0,0],"1370":[0,0],"1371":[0,0],"1372":[0,0],"1373":[0,0],"1374":[0,0],"1375":[0,0,0,0],"1376":[0,0],"1377":[0,0],"1378":[0,0],"1379":[0,0],"1380":[0,0],"1381":[0,0],"1382":[0,0],"1383":[0,0],"1384":[0,0],"1385":[0,0],"1386":[0,0,0],"1387":[0,0],"1388":[0,0],"1389":[0,0],"1390":[0,0],"1391":[0,0],"1392":[0,0],"1393":[0,0,0],"1394":[0,0],"1395":[0,0],"1396":[0,0,0],"1397":[0,0],"1398":[0,0],"1399":[0,0],"1400":[0,0],"1401":[0,0],"1402":[0,0],"1403":[0,0],"1404":[0,0],"1405":[0,0,0],"1406":[0,0],"1407":[0,0],"1408":[0,0],"1409":[0,0],"1410":[0,0],"1411":[0,0],"1412":[0,0],"1413":[0,0],"1414":[0,0],"1415":[0,0],"1416":[0,0],"1417":[0,0],"1418":[0,0],"1419":[0,0],"1420":[0,0],"1421":[0,0],"1422":[0,0],"1423":[0,0],"1424":[0,0],"1425":[0,0],"1426":[0,0],"1427":[0,0],"1428":[0,0],"1429":[0,0],"1430":[0,0],"1431":[0,0,0],"1432":[0,0],"1433":[0,0],"1434":[0,0],"1435":[0,0],"1436":[0,0],"1437":[0,0],"1438":[0,0],"1439":[0,0],"1440":[0,0],"1441":[0,0],"1442":[1,0,0],"1443":[0,0],"1444":[0,0,0],"1445":[1,0]},"_coverageSchema":"332fd63041d2c1bcb487cc26dd0d5f7d97098a6c","hash":"495ba6ad5a2061b442b1bf1bfc53d9ebe1d5f778"}
}
